SF:/Users/dmitrigrabov/workspace/skmtc-root/skmtc/deno/core/context/ParseContext.ts
FN:259,<instance_members_initializer>
FN:277,ParseContext
FN:293,parse
FN:307,removeErroredItems
FN:333,registerRef
FN:345,registerRefError
FN:360,trace
FN:369,logSkippedFields
FN:387,provisionalParse
FN:415,logIssue
FN:424,logIssueNoKey
FN:455,parseSchema
FNDA:0,<instance_members_initializer>
FNDA:0,ParseContext
FNDA:0,parse
FNDA:0,removeErroredItems
FNDA:0,registerRef
FNDA:0,registerRefError
FNDA:0,trace
FNDA:0,logSkippedFields
FNDA:0,provisionalParse
FNDA:0,logIssue
FNDA:0,logIssueNoKey
FNDA:0,parseSchema
FNF:12
FNH:0
BRF:0
BRH:0
DA:2,1
DA:3,1
DA:4,1
DA:7,1
DA:8,1
DA:257,1
DA:259,0
DA:261,0
DA:263,0
DA:265,0
DA:267,0
DA:269,0
DA:270,0
DA:271,0
DA:277,0
DA:278,0
DA:279,0
DA:280,0
DA:281,0
DA:282,0
DA:283,0
DA:284,0
DA:285,0
DA:286,0
DA:293,0
DA:294,0
DA:295,0
DA:296,0
DA:297,0
DA:299,0
DA:301,0
DA:302,0
DA:307,0
DA:308,0
DA:309,0
DA:310,0
DA:311,0
DA:313,0
DA:314,0
DA:315,0
DA:316,0
DA:317,0
DA:318,0
DA:319,0
DA:320,0
DA:321,0
DA:322,0
DA:323,0
DA:324,0
DA:325,0
DA:333,0
DA:334,0
DA:336,0
DA:337,0
DA:345,0
DA:346,0
DA:347,0
DA:349,0
DA:350,0
DA:351,0
DA:360,0
DA:361,0
DA:362,0
DA:369,0
DA:370,0
DA:371,0
DA:372,0
DA:373,0
DA:374,0
DA:375,0
DA:376,0
DA:377,0
DA:378,0
DA:379,0
DA:387,0
DA:388,0
DA:389,0
DA:390,0
DA:391,0
DA:392,0
DA:393,0
DA:394,0
DA:395,0
DA:397,0
DA:398,0
DA:399,0
DA:401,0
DA:402,0
DA:403,0
DA:404,0
DA:405,0
DA:406,0
DA:407,0
DA:408,0
DA:415,0
DA:416,0
DA:417,0
DA:424,0
DA:425,0
DA:426,0
DA:427,0
DA:429,0
DA:430,0
DA:431,0
DA:432,0
DA:433,0
DA:434,0
DA:436,0
DA:437,0
DA:438,0
DA:439,0
DA:440,0
DA:441,0
DA:442,0
DA:443,0
DA:444,0
DA:445,1
DA:455,0
DA:456,0
DA:457,0
DA:458,0
DA:459,0
DA:460,0
DA:461,0
LH:7
LF:124
end_of_record
SF:/Users/dmitrigrabov/workspace/skmtc-root/skmtc/deno/core/context/StackTrail.ts
FN:75,<instance_members_initializer>
FN:91,StackTrail
FN:110,clone
FN:132,slice
FN:151,includes
FN:167,get stackTrail
FN:193,append
FN:225,getParentOf
FN:258,toStackRef
FN:299,remove
FN:336,join
FN:358,parse
FN:385,toJSON
FN:407,toString
FNDA:0,<instance_members_initializer>
FNDA:0,StackTrail
FNDA:0,clone
FNDA:0,slice
FNDA:0,includes
FNDA:0,get stackTrail
FNDA:0,append
FNDA:0,getParentOf
FNDA:0,toStackRef
FNDA:0,remove
FNDA:0,join
FNDA:0,parse
FNDA:0,toJSON
FNDA:0,toString
FNF:14
FNH:0
BRF:0
BRH:0
DA:1,1
DA:73,1
DA:75,0
DA:91,0
DA:92,0
DA:93,0
DA:110,0
DA:111,0
DA:112,0
DA:132,0
DA:133,0
DA:134,0
DA:151,0
DA:152,0
DA:153,0
DA:167,0
DA:168,0
DA:169,0
DA:193,0
DA:194,0
DA:195,0
DA:197,0
DA:198,0
DA:200,0
DA:201,0
DA:203,0
DA:204,0
DA:206,0
DA:207,0
DA:225,0
DA:226,0
DA:227,0
DA:228,0
DA:229,0
DA:230,0
DA:231,0
DA:232,0
DA:233,0
DA:234,0
DA:258,0
DA:259,0
DA:261,0
DA:262,0
DA:263,0
DA:265,0
DA:266,0
DA:267,0
DA:269,0
DA:270,0
DA:271,0
DA:273,0
DA:274,0
DA:299,0
DA:300,0
DA:301,0
DA:303,0
DA:304,0
DA:305,0
DA:307,0
DA:309,0
DA:310,0
DA:312,0
DA:313,0
DA:315,0
DA:316,0
DA:318,0
DA:319,0
DA:336,0
DA:337,0
DA:338,0
DA:358,0
DA:359,0
DA:360,0
DA:361,0
DA:362,0
DA:364,0
DA:365,0
DA:367,0
DA:368,0
DA:385,0
DA:386,0
DA:387,0
DA:407,0
DA:408,0
DA:409,0
DA:410,0
DA:411,0
DA:412,0
DA:413,0
DA:414,1
LH:3
LF:90
end_of_record
SF:/Users/dmitrigrabov/workspace/skmtc-root/skmtc/deno/core/dsl/File.ts
FN:96,<instance_members_initializer>
FN:132,File
FN:181,toString
FN:281,normaliseModuleName
FNDA:0,<instance_members_initializer>
FNDA:0,File
FNDA:0,toString
FNDA:3,normaliseModuleName
FNF:4
FNH:1
BRDA:290,4,0,1
BRDA:292,4,1,2
BRDA:297,4,2,1
BRDA:301,4,3,0
BRDA:303,4,4,1
BRF:5
BRH:4
DA:1,1
DA:94,1
DA:96,0
DA:99,0
DA:102,0
DA:105,0
DA:108,0
DA:111,0
DA:132,0
DA:133,0
DA:134,0
DA:135,0
DA:136,0
DA:137,0
DA:138,0
DA:181,0
DA:182,0
DA:183,0
DA:184,0
DA:185,0
DA:186,0
DA:187,0
DA:189,0
DA:190,0
DA:192,0
DA:193,0
DA:194,0
DA:196,0
DA:197,0
DA:198,0
DA:199,0
DA:200,0
DA:201,0
DA:202,0
DA:203,0
DA:205,0
DA:206,0
DA:208,0
DA:210,0
DA:211,0
DA:212,0
DA:213,0
DA:214,0
DA:215,1
DA:281,1
DA:282,1
DA:283,1
DA:284,1
DA:285,1
DA:286,4
DA:287,6
DA:288,4
DA:290,4
DA:291,5
DA:292,5
DA:294,6
DA:297,4
DA:298,5
DA:299,5
DA:301,0
DA:302,0
DA:303,0
DA:305,5
DA:306,1
LH:20
LF:64
end_of_record
SF:/Users/dmitrigrabov/workspace/skmtc-root/skmtc/deno/core/dsl/Import.ts
FN:82,<instance_members_initializer>
FN:106,Import
FN:134,toRecord
FN:172,toString
FN:216,<instance_members_initializer>
FN:238,ImportName
FN:270,toString
FNDA:9,<instance_members_initializer>
FNDA:9,Import
FNDA:2,toRecord
FNDA:7,toString
FNDA:17,<instance_members_initializer>
FNDA:17,ImportName
FNDA:13,toString
FNF:7
FNH:7
BRDA:137,5,0,1
BRDA:137,5,1,3
BRDA:239,8,0,9
BRDA:241,8,1,8
BRDA:271,9,0,7
BRDA:271,9,1,6
BRF:6
BRH:6
DA:80,2
DA:82,2
DA:85,2
DA:106,2
DA:107,11
DA:108,11
DA:109,11
DA:134,2
DA:135,4
DA:136,4
DA:137,17
DA:139,4
DA:140,4
DA:172,2
DA:175,9
DA:176,9
DA:177,2
DA:214,2
DA:216,2
DA:219,2
DA:238,2
DA:239,19
DA:240,28
DA:241,19
DA:242,27
DA:244,27
DA:245,27
DA:246,27
DA:247,19
DA:270,2
DA:271,15
DA:272,15
DA:273,2
LH:33
LF:33
end_of_record
SF:/Users/dmitrigrabov/workspace/skmtc-root/skmtc/deno/core/helpers/ResultsLog.ts
FN:138,<instance_members_initializer>
FN:146,ResultsLog
FN:171,capture
FN:193,#incomingResultIsWorse
FN:235,toTree
FNDA:13,<instance_members_initializer>
FNDA:13,ResultsLog
FNDA:29,capture
FNDA:29,#incomingResultIsWorse
FNDA:13,toTree
FNF:5
FNH:5
BRDA:172,3,0,28
BRDA:194,4,0,19
BRDA:196,4,1,10
BRF:3
BRH:3
DA:2,1
DA:137,1
DA:138,1
DA:146,1
DA:147,14
DA:148,14
DA:171,1
DA:172,30
DA:173,58
DA:174,58
DA:175,30
DA:193,1
DA:194,30
DA:195,49
DA:196,49
DA:198,40
DA:199,30
DA:235,1
DA:236,14
DA:238,14
DA:239,33
DA:241,33
DA:242,14
DA:244,14
DA:245,14
DA:246,1
DA:268,1
DA:269,1
DA:270,1
DA:271,1
DA:272,1
DA:273,1
DA:274,1
LH:33
LF:33
end_of_record
SF:/Users/dmitrigrabov/workspace/skmtc-root/skmtc/deno/core/helpers/collateExamples.ts
FN:161,collateExamples
FNDA:37,collateExamples
FNF:1
FNH:1
BRDA:162,1,0,1
BRDA:164,1,1,36
BRDA:166,1,2,1
BRDA:168,1,3,35
BRDA:178,3,0,1
BRDA:180,3,1,9
BRDA:184,3,2,0
BRDA:199,3,3,2
BRDA:199,3,4,7
BRDA:185,4,0,0
BRDA:194,4,1,10
BRDA:202,5,0,1
BRDA:204,5,1,2
BRDA:211,5,2,1
BRDA:211,5,3,1
BRDA:219,11,0,4
BRDA:225,11,1,1
BRDA:228,11,2,1
BRF:18
BRH:16
DA:3,1
DA:4,1
DA:161,1
DA:162,38
DA:163,39
DA:164,39
DA:166,38
DA:167,39
DA:168,39
DA:170,73
DA:171,146
DA:172,0
DA:173,0
DA:174,0
DA:175,0
DA:176,0
DA:177,146
DA:178,83
DA:179,84
DA:180,84
DA:182,92
DA:184,0
DA:185,0
DA:186,0
DA:187,0
DA:189,95
DA:190,95
DA:191,95
DA:192,95
DA:194,95
DA:195,105
DA:196,105
DA:197,83
DA:199,83
DA:200,73
DA:201,219
DA:202,76
DA:203,77
DA:204,77
DA:206,78
DA:207,78
DA:208,78
DA:209,78
DA:211,229
DA:212,73
DA:213,219
DA:214,219
DA:215,219
DA:216,219
DA:217,219
DA:218,219
DA:219,75
DA:220,79
DA:221,79
DA:222,79
DA:223,79
DA:225,79
DA:226,80
DA:227,80
DA:228,79
DA:229,73
DA:230,73
DA:232,73
DA:233,1
LH:55
LF:64
end_of_record
SF:/Users/dmitrigrabov/workspace/skmtc-root/skmtc/deno/core/helpers/formatNumber.ts
FN:96,formatNumber
FNDA:11,formatNumber
FNF:1
FNH:1
BRF:0
BRH:0
DA:96,1
DA:97,12
DA:98,12
DA:99,12
DA:100,12
DA:101,1
LH:6
LF:6
end_of_record
SF:/Users/dmitrigrabov/workspace/skmtc-root/skmtc/deno/core/helpers/generationStats.ts
FN:134,toGenerationStats
FN:172,toManifestTokens
FN:174,Object.values.reduce.tokens
FN:205,toManifestLines
FN:207,Object.values.reduce.lines
FN:237,toTotalTime
FN:274,toManifestErrors
FN:360,checkResult
FNDA:3,toGenerationStats
FNDA:3,toManifestTokens
FNDA:4,Object.values.reduce.tokens
FNDA:6,toManifestLines
FNDA:7,Object.values.reduce.lines
FNDA:5,toTotalTime
FNDA:9,toManifestErrors
FNDA:31,checkResult
FNF:8
FNH:8
BRDA:364,11,0,5
BRDA:370,12,0,10
BRDA:382,14,0,0
BRF:3
BRH:2
DA:3,1
DA:4,1
DA:134,1
DA:135,4
DA:136,4
DA:137,4
DA:138,4
DA:139,4
DA:141,4
DA:142,4
DA:143,4
DA:144,4
DA:145,4
DA:146,4
DA:147,4
DA:148,1
DA:172,1
DA:173,4
DA:174,16
DA:175,12
DA:178,4
DA:179,1
DA:205,1
DA:206,7
DA:207,28
DA:208,21
DA:211,7
DA:212,1
DA:237,1
DA:238,6
DA:240,6
DA:241,1
DA:274,1
DA:275,10
DA:277,10
DA:278,126
DA:279,10
DA:281,10
DA:282,1
DA:360,1
DA:361,32
DA:362,32
DA:363,34
DA:364,40
DA:365,225
DA:366,45
DA:367,34
DA:368,32
DA:369,32
DA:370,50
DA:371,60
DA:372,60
DA:373,0
DA:374,0
DA:375,0
DA:376,0
DA:377,0
DA:378,43
DA:379,43
DA:380,448
DA:381,43
DA:382,0
DA:383,0
DA:384,0
DA:385,32
DA:386,1
LH:58
LF:66
end_of_record
SF:/Users/dmitrigrabov/workspace/skmtc-root/skmtc/deno/core/helpers/isEmpty.ts
FN:63,isEmpty
FNDA:24,isEmpty
FNF:1
FNH:1
BRF:0
BRH:0
DA:63,15
DA:64,39
DA:65,15
LH:3
LF:3
end_of_record
SF:/Users/dmitrigrabov/workspace/skmtc-root/skmtc/deno/core/helpers/isGeneratorName.ts
FN:2,isGeneratorName
FNDA:9,isGeneratorName
FNF:1
FNH:1
BRF:0
BRH:0
DA:1,1
DA:2,1
DA:3,10
DA:5,10
DA:6,1
LH:5
LF:5
end_of_record
SF:/Users/dmitrigrabov/workspace/skmtc-root/skmtc/deno/core/helpers/isImported.ts
FN:83,isImported
FNDA:10,isImported
FNF:1
FNH:1
BRF:0
BRH:0
DA:1,1
DA:83,1
DA:84,11
DA:85,1
LH:4
LF:4
end_of_record
SF:/Users/dmitrigrabov/workspace/skmtc-root/skmtc/deno/core/helpers/naming.ts
FN:22,toEndpointType
FN:38,toEndpointName
FN:58,toResponseName
FN:76,toArgsName
FN:96,toMethodVerb
FNDA:5,toEndpointType
FNDA:9,toEndpointName
FNDA:2,toResponseName
FNDA:2,toArgsName
FNDA:14,toMethodVerb
FNF:5
FNH:5
BRDA:23,1,0,1
BRDA:23,1,1,4
BRF:2
BRH:2
DA:2,1
DA:5,1
DA:22,1
DA:23,6
DA:24,1
DA:38,1
DA:39,10
DA:41,10
DA:43,10
DA:44,1
DA:58,1
DA:59,3
DA:61,3
DA:62,1
DA:76,1
DA:77,3
DA:79,3
DA:80,1
DA:96,1
DA:97,15
DA:98,15
DA:99,15
DA:100,15
DA:101,1
LH:24
LF:24
end_of_record
SF:/Users/dmitrigrabov/workspace/skmtc-root/skmtc/deno/core/helpers/parseModuleName.ts
FN:183,parseModuleName
FNDA:14,parseModuleName
FNF:1
FNH:1
BRDA:195,1,0,4
BRDA:201,1,1,3
BRDA:207,1,2,7
BRF:3
BRH:3
DA:183,2
DA:184,16
DA:185,16
DA:186,16
DA:187,16
DA:188,16
DA:189,16
DA:191,16
DA:193,16
DA:195,16
DA:196,20
DA:197,20
DA:198,20
DA:200,16
DA:201,16
DA:202,19
DA:203,19
DA:204,19
DA:206,16
DA:207,16
DA:208,23
DA:209,23
DA:210,23
DA:211,23
DA:212,23
DA:214,16
DA:215,2
LH:27
LF:27
end_of_record
SF:/Users/dmitrigrabov/workspace/skmtc-root/skmtc/deno/core/helpers/refFns.ts
FN:46,toRefName
FN:116,isRef
FN:189,toGetRef
FNDA:10,toRefName
FNDA:737,isRef
FNDA:5,toGetRef
FNF:3
FNH:3
BRDA:50,1,0,2
BRDA:52,1,1,8
BRDA:117,2,0,733
BRDA:117,2,1,730
BRDA:117,2,2,17
BRDA:117,2,3,16
BRDA:119,2,4,721
BRDA:193,4,0,4
BRDA:195,4,1,1
BRDA:197,4,2,4
BRDA:199,4,3,2
BRF:11
BRH:11
DA:46,14
DA:48,24
DA:50,24
DA:51,26
DA:52,26
DA:54,32
DA:55,14
DA:116,14
DA:117,751
DA:118,767
DA:119,751
DA:120,1472
DA:121,1472
DA:122,14
DA:188,14
DA:189,14
DA:190,14
DA:191,24
DA:193,24
DA:195,24
DA:196,25
DA:197,25
DA:199,24
DA:200,26
DA:201,26
DA:203,26
DA:204,14
LH:27
LF:27
end_of_record
SF:/Users/dmitrigrabov/workspace/skmtc-root/skmtc/deno/core/helpers/strings.ts
FN:59,capitalize
FN:76,decapitalize
FN:132,camelCase
FNDA:16,capitalize
FNDA:0,decapitalize
FNDA:12,camelCase
FNF:3
FNH:2
BRDA:134,3,0,7
BRDA:135,3,1,5
BRDA:141,3,2,7
BRDA:142,3,3,5
BRDA:159,3,4,7
BRDA:159,3,5,5
BRDA:162,3,6,3
BRDA:162,3,7,9
BRDA:149,4,0,7
BRDA:149,4,1,3
BRDA:149,4,2,2
BRDA:152,4,3,13
BRF:12
BRH:12
DA:59,1
DA:60,17
DA:61,1
DA:76,0
DA:77,0
DA:78,0
DA:132,1
DA:134,13
DA:135,13
DA:136,13
DA:138,13
DA:141,13
DA:142,13
DA:143,13
DA:145,13
DA:149,28
DA:150,30
DA:151,30
DA:152,30
DA:154,41
DA:155,41
DA:156,13
DA:159,13
DA:160,13
DA:162,13
DA:163,1
LH:23
LF:26
end_of_record
SF:/Users/dmitrigrabov/workspace/skmtc-root/skmtc/deno/core/helpers/toResolvedArtifactPath.ts
FN:218,toResolvedArtifactPath
FNDA:9,toResolvedArtifactPath
FNF:1
FNH:1
BRDA:222,1,0,2
BRF:1
BRH:1
DA:63,1
DA:218,1
DA:219,1
DA:220,1
DA:221,1
DA:222,10
DA:223,1
LH:7
LF:7
end_of_record
SF:/Users/dmitrigrabov/workspace/skmtc-root/skmtc/deno/core/helpers/tracer.ts
FN:128,tracer
FNDA:0,tracer
FNF:1
FNH:0
BRF:0
BRH:0
DA:128,0
DA:129,0
DA:130,0
DA:131,0
DA:132,0
DA:134,0
DA:135,0
DA:136,0
DA:138,0
DA:140,0
DA:141,0
DA:144,0
DA:146,0
DA:147,0
DA:148,0
LH:0
LF:15
end_of_record
SF:/Users/dmitrigrabov/workspace/skmtc-root/skmtc/deno/core/oas/_helpers/parseDefault.ts
FN:173,parseDefault
FNDA:0,parseDefault
FNF:1
FNH:0
BRF:0
BRH:0
DA:3,2
DA:173,0
DA:177,0
DA:178,0
DA:179,0
DA:180,0
DA:181,0
DA:182,0
DA:183,0
DA:185,0
DA:186,0
DA:187,0
DA:188,0
DA:189,0
DA:190,0
DA:191,0
DA:192,0
DA:194,0
DA:195,0
DA:196,0
DA:197,0
DA:198,0
LH:1
LF:22
end_of_record
SF:/Users/dmitrigrabov/workspace/skmtc-root/skmtc/deno/core/oas/_helpers/parseEnum.ts
FN:149,parseEnum
FNDA:0,parseEnum
FNF:1
FNH:0
BRF:0
BRH:0
DA:3,2
DA:149,0
DA:153,0
DA:154,0
DA:155,0
DA:156,0
DA:157,0
DA:158,0
DA:159,0
DA:161,0
DA:162,0
DA:163,0
DA:164,0
DA:165,0
DA:166,0
DA:167,0
DA:168,0
DA:170,0
DA:171,0
DA:172,0
DA:173,0
DA:174,0
LH:1
LF:22
end_of_record
SF:/Users/dmitrigrabov/workspace/skmtc-root/skmtc/deno/core/oas/_helpers/parseExample.ts
FN:132,parseExample
FNDA:0,parseExample
FNF:1
FNH:0
BRF:0
BRH:0
DA:3,2
DA:132,0
DA:136,0
DA:137,0
DA:138,0
DA:139,0
DA:140,0
DA:141,0
DA:142,0
DA:144,0
DA:145,0
DA:146,0
DA:147,0
DA:148,0
DA:149,0
DA:150,0
DA:151,0
DA:153,0
DA:154,0
DA:155,0
DA:156,0
DA:157,0
LH:1
LF:22
end_of_record
SF:/Users/dmitrigrabov/workspace/skmtc-root/skmtc/deno/core/oas/_helpers/parseFormat.ts
FN:170,parseFormat
FNDA:0,parseFormat
FNF:1
FNH:0
BRF:0
BRH:0
DA:3,2
DA:170,0
DA:171,0
DA:172,0
DA:173,0
DA:174,0
DA:175,0
DA:177,0
DA:178,0
DA:179,0
DA:180,0
DA:181,0
DA:182,0
DA:183,0
DA:184,0
DA:186,0
DA:187,0
DA:188,0
DA:189,0
DA:190,0
LH:1
LF:20
end_of_record
SF:/Users/dmitrigrabov/workspace/skmtc-root/skmtc/deno/core/oas/_helpers/parseNullable.ts
FN:142,parseNullable
FNDA:0,parseNullable
FNF:1
FNH:0
BRF:0
BRH:0
DA:3,2
DA:142,0
DA:143,0
DA:144,0
DA:145,0
DA:146,0
DA:148,0
DA:149,0
DA:150,0
DA:151,0
DA:152,0
DA:153,0
DA:154,0
DA:155,0
DA:157,0
DA:158,0
DA:159,0
DA:160,0
DA:161,0
LH:1
LF:19
end_of_record
SF:/Users/dmitrigrabov/workspace/skmtc-root/skmtc/deno/core/oas/_merge-all-of/check-array-item-type-conflicts.ts
FN:3,checkArrayItemTypeConflicts
FNDA:131,checkArrayItemTypeConflicts
FNF:1
FNH:1
BRDA:7,1,0,12
BRDA:7,1,1,10
BRDA:7,1,2,10
BRDA:7,1,3,10
BRDA:10,1,4,6
BRDA:10,1,5,6
BRDA:10,1,6,2
BRF:7
BRH:7
DA:3,14
DA:4,14
DA:5,14
DA:7,145
DA:8,155
DA:9,155
DA:10,155
DA:11,157
DA:12,157
DA:14,157
DA:15,155
DA:16,14
LH:12
LF:12
end_of_record
SF:/Users/dmitrigrabov/workspace/skmtc-root/skmtc/deno/core/oas/_merge-all-of/check-at-least-one-type-match.ts
FN:5,checkAtLeastOneTypeMatch
FNDA:234,checkAtLeastOneTypeMatch
FNF:1
FNH:1
BRDA:11,1,0,91
BRDA:11,1,1,153
BRDA:12,1,2,10
BRDA:12,1,3,143
BRDA:13,1,4,87
BRF:5
BRH:5
DA:5,13
DA:6,13
DA:7,13
DA:8,13
DA:10,247
DA:11,247
DA:12,247
DA:13,247
DA:15,13
LH:9
LF:9
end_of_record
SF:/Users/dmitrigrabov/workspace/skmtc-root/skmtc/deno/core/oas/_merge-all-of/check-enum-conflicts.ts
FN:3,checkEnumConflicts
FNDA:133,checkEnumConflicts
FNF:1
FNH:1
BRDA:7,1,0,6
BRDA:7,1,1,5
BRDA:12,1,2,3
BRF:3
BRH:3
DA:2,14
DA:3,14
DA:4,14
DA:5,14
DA:7,147
DA:8,152
DA:9,162
DA:10,152
DA:12,152
DA:13,155
DA:14,155
DA:16,155
DA:17,152
DA:18,14
LH:14
LF:14
end_of_record
SF:/Users/dmitrigrabov/workspace/skmtc-root/skmtc/deno/core/oas/_merge-all-of/check-format-conflicts.ts
FN:3,checkFormatConflicts
FNDA:134,checkFormatConflicts
FNF:1
FNH:1
BRDA:7,1,0,4
BRDA:7,1,1,3
BRDA:7,1,2,2
BRF:3
BRH:3
DA:3,14
DA:4,14
DA:5,14
DA:7,148
DA:8,150
DA:9,150
DA:10,14
LH:7
LF:7
end_of_record
SF:/Users/dmitrigrabov/workspace/skmtc-root/skmtc/deno/core/oas/_merge-all-of/check-number-constraints-conflicts.ts
FN:3,checkNumberConstraintsConflicts
FNDA:132,checkNumberConstraintsConflicts
FNF:1
FNH:1
BRDA:7,1,0,8
BRDA:7,1,1,8
BRDA:8,1,2,4
BRDA:9,1,3,4
BRDA:10,1,4,4
BRDA:11,1,5,4
BRDA:12,1,6,2
BRF:7
BRH:7
DA:3,14
DA:4,14
DA:5,14
DA:7,146
DA:8,154
DA:9,154
DA:10,154
DA:11,154
DA:12,154
DA:13,156
DA:14,156
DA:16,156
DA:17,154
DA:18,14
LH:14
LF:14
end_of_record
SF:/Users/dmitrigrabov/workspace/skmtc-root/skmtc/deno/core/oas/_merge-all-of/check-read-only-write-only-conflicts.ts
FN:3,checkReadOnlyWriteOnlyConflicts
FNDA:136,checkReadOnlyWriteOnlyConflicts
FNF:1
FNH:1
BRDA:7,1,0,4
BRDA:7,1,1,134
BRDA:7,1,2,1
BRDA:7,1,3,2
BRF:4
BRH:4
DA:3,14
DA:4,14
DA:5,14
DA:7,150
DA:8,152
DA:9,152
DA:10,14
LH:7
LF:7
end_of_record
SF:/Users/dmitrigrabov/workspace/skmtc-root/skmtc/deno/core/oas/_merge-all-of/check-type-conflicts.ts
FN:3,checkTypeConflicts
FNDA:328,checkTypeConflicts
FNF:1
FNH:1
BRDA:7,1,0,212
BRDA:7,1,1,194
BRDA:7,1,2,20
BRF:3
BRH:3
DA:3,14
DA:4,14
DA:5,14
DA:7,342
DA:8,362
DA:9,362
DA:10,362
DA:11,362
DA:13,362
DA:14,14
LH:10
LF:10
end_of_record
SF:/Users/dmitrigrabov/workspace/skmtc-root/skmtc/deno/core/oas/_merge-all-of/cross-product.ts
FN:3,crossProduct
FNDA:19,crossProduct
FNF:1
FNH:1
BRF:0
BRH:0
DA:3,13
DA:4,32
DA:5,465
DA:6,32
DA:8,13
LH:5
LF:5
end_of_record
SF:/Users/dmitrigrabov/workspace/skmtc-root/skmtc/deno/core/oas/_merge-all-of/decompose-intersection.ts
FN:14,decomposeIntersection
FNDA:49,decomposeIntersection
FNF:1
FNH:1
BRDA:17,1,0,0
BRDA:29,1,1,57
BRDA:30,1,2,52
BRDA:30,1,3,49
BRDA:34,1,4,8
BRDA:40,1,5,2
BRDA:40,1,6,47
BRDA:42,1,7,6
BRDA:42,1,8,43
BRF:9
BRH:8
DA:14,14
DA:15,14
DA:16,14
DA:17,0
DA:18,0
DA:19,0
DA:21,63
DA:23,63
DA:24,63
DA:25,63
DA:26,63
DA:27,63
DA:29,63
DA:30,120
DA:32,221
DA:33,221
DA:34,172
DA:35,720
DA:36,180
DA:37,120
DA:39,63
DA:40,63
DA:41,63
DA:42,63
DA:43,63
DA:44,14
LH:23
LF:26
end_of_record
SF:/Users/dmitrigrabov/workspace/skmtc-root/skmtc/deno/core/oas/_merge-all-of/decompose-union.ts
FN:21,decomposeUnion
FN:75,exclude
FN:77,entries.reduce.retained
FNDA:3,decomposeUnion
FNDA:6,exclude
FNDA:3,entries.reduce.retained
FNF:3
FNH:3
BRDA:22,1,0,0
BRDA:40,1,1,6
BRDA:41,1,2,3
BRDA:54,1,3,0
BRDA:56,1,4,1
BRDA:56,1,5,2
BRDA:78,4,0,2
BRDA:80,4,1,1
BRF:8
BRH:6
DA:21,13
DA:22,0
DA:23,0
DA:25,0
DA:26,0
DA:27,0
DA:28,0
DA:29,0
DA:30,0
DA:32,16
DA:34,16
DA:35,16
DA:36,16
DA:37,16
DA:38,16
DA:40,16
DA:41,22
DA:43,125
DA:44,25
DA:45,25
DA:46,100
DA:47,25
DA:48,22
DA:50,16
DA:51,16
DA:53,16
DA:54,0
DA:55,16
DA:56,16
DA:57,16
DA:59,16
DA:60,16
DA:61,16
DA:62,16
DA:63,16
DA:65,16
DA:66,13
DA:68,52
DA:75,13
DA:76,19
DA:77,19
DA:78,22
DA:79,96
DA:80,24
DA:81,100
DA:82,25
DA:84,22
DA:85,19
DA:86,76
DA:88,13
LH:41
LF:50
end_of_record
SF:/Users/dmitrigrabov/workspace/skmtc-root/skmtc/deno/core/oas/_merge-all-of/generic-merge.ts
FN:6,genericMerge
FNDA:179,genericMerge
FNF:1
FNH:1
BRF:0
BRH:0
DA:2,13
DA:3,13
DA:4,13
DA:6,13
DA:7,13
DA:8,13
DA:9,13
DA:10,13
DA:12,192
DA:13,192
DA:14,192
DA:15,192
DA:16,192
DA:17,192
DA:18,192
DA:19,13
LH:16
LF:16
end_of_record
SF:/Users/dmitrigrabov/workspace/skmtc-root/skmtc/deno/core/oas/_merge-all-of/is-equal.ts
FN:1,isEqual
FNDA:102,isEqual
FNF:1
FNH:1
BRDA:2,1,0,7
BRDA:2,1,1,7
BRDA:3,1,2,0
BRDA:5,1,3,95
BRDA:8,1,4,7
BRDA:9,1,5,7
BRDA:10,1,6,7
BRDA:12,1,7,7
BRDA:15,1,8,0
BRDA:21,1,9,88
BRDA:18,3,0,1
BRF:11
BRH:9
DA:1,15
DA:2,117
DA:3,0
DA:4,124
DA:5,124
DA:7,117
DA:8,117
DA:9,117
DA:10,117
DA:11,117
DA:12,117
DA:13,124
DA:14,124
DA:15,0
DA:16,124
DA:17,124
DA:18,124
DA:19,124
DA:21,124
DA:23,205
DA:24,15
LH:19
LF:21
end_of_record
SF:/Users/dmitrigrabov/workspace/skmtc-root/skmtc/deno/core/oas/_merge-all-of/merge-array-constraints.ts
FN:6,mergeArrayConstraints
FN:45,mergeItems
FNDA:18,mergeArrayConstraints
FNDA:17,mergeItems
FNF:2
FNH:2
BRDA:13,1,0,2
BRDA:13,1,1,0
BRDA:24,1,2,15
BRDA:24,1,3,4
BRDA:25,1,4,2
BRDA:26,1,5,0
BRDA:28,1,6,17
BRDA:31,1,7,15
BRDA:31,1,8,4
BRDA:32,1,9,2
BRDA:33,1,10,0
BRDA:35,1,11,17
BRDA:38,1,12,14
BRDA:38,1,13,4
BRDA:40,1,14,17
BRDA:50,2,0,15
BRDA:50,2,1,13
BRDA:50,2,2,13
BRDA:50,2,3,15
BRDA:50,2,4,13
BRDA:52,2,5,4
BRDA:54,2,6,2
BRDA:54,2,7,2
BRDA:58,2,8,4
BRDA:58,2,9,2
BRDA:60,2,10,0
BRF:26
BRH:22
DA:1,13
DA:3,13
DA:4,13
DA:5,13
DA:6,13
DA:7,13
DA:8,13
DA:9,13
DA:11,31
DA:13,0
DA:14,0
DA:15,0
DA:17,31
DA:18,31
DA:19,31
DA:20,31
DA:21,31
DA:24,31
DA:25,35
DA:26,0
DA:27,35
DA:28,35
DA:31,31
DA:32,35
DA:33,0
DA:34,35
DA:35,35
DA:38,31
DA:39,35
DA:40,35
DA:42,48
DA:43,31
DA:45,13
DA:46,13
DA:47,13
DA:48,13
DA:50,30
DA:51,58
DA:52,58
DA:54,30
DA:55,32
DA:56,32
DA:58,30
DA:59,36
DA:60,36
DA:62,0
DA:63,13
LH:41
LF:47
end_of_record
SF:/Users/dmitrigrabov/workspace/skmtc-root/skmtc/deno/core/oas/_merge-all-of/merge-boolean-constraints.ts
FN:6,mergeBooleanConstraints
FNDA:7,mergeBooleanConstraints
FNF:1
FNH:1
BRF:0
BRH:0
DA:2,13
DA:4,13
DA:5,13
DA:6,13
DA:7,13
DA:8,13
DA:9,13
DA:11,20
DA:13,20
DA:14,20
LH:10
LF:10
end_of_record
SF:/Users/dmitrigrabov/workspace/skmtc-root/skmtc/deno/core/oas/_merge-all-of/merge-enum-values.ts
FN:5,containsEnum
FN:9,mergeEnumValues
FNDA:416,containsEnum
FNDA:178,mergeEnumValues
FNF:2
FNH:2
BRDA:14,2,0,157
BRDA:14,2,1,174
BRDA:14,2,2,148
BRDA:16,2,3,30
BRDA:18,2,4,9
BRDA:18,2,5,128
BRDA:18,2,6,9
BRDA:22,2,7,21
BRDA:24,2,8,128
BRDA:24,2,9,6
BRDA:28,2,10,15
BRDA:36,2,11,72
BRDA:36,2,12,7
BRDA:38,2,13,8
BRDA:33,5,0,10
BRDA:33,5,1,2
BRF:16
BRH:16
DA:1,14
DA:3,14
DA:5,14
DA:6,430
DA:7,14
DA:9,14
DA:10,14
DA:11,14
DA:12,14
DA:14,192
DA:15,514
DA:16,514
DA:18,192
DA:19,329
DA:20,329
DA:21,329
DA:22,329
DA:24,192
DA:25,326
DA:26,326
DA:27,326
DA:28,326
DA:31,335
DA:32,335
DA:33,335
DA:36,320
DA:37,399
DA:38,399
DA:41,400
DA:42,400
DA:43,400
DA:44,192
LH:32
LF:32
end_of_record
SF:/Users/dmitrigrabov/workspace/skmtc-root/skmtc/deno/core/oas/_merge-all-of/merge-integer-constraints.ts
FN:7,mergeIntegerConstraints
FNDA:10,mergeIntegerConstraints
FNF:1
FNH:1
BRDA:21,1,0,6
BRDA:21,1,1,4
BRDA:22,1,2,1
BRDA:23,1,3,0
BRDA:27,1,4,2
BRDA:27,1,5,2
BRDA:30,1,6,9
BRDA:33,1,7,6
BRDA:33,1,8,4
BRDA:34,1,9,1
BRDA:35,1,10,0
BRDA:39,1,11,2
BRDA:39,1,12,2
BRDA:42,1,13,9
BRDA:45,1,14,2
BRDA:45,1,15,1
BRDA:47,1,16,8
BRDA:47,1,17,1
BRDA:49,1,18,7
BRDA:49,1,19,0
BRDA:51,1,20,9
BRF:21
BRH:18
DA:3,13
DA:5,13
DA:6,13
DA:7,13
DA:8,13
DA:9,13
DA:10,13
DA:12,23
DA:15,23
DA:18,23
DA:21,23
DA:22,27
DA:23,0
DA:24,27
DA:27,27
DA:28,29
DA:29,29
DA:30,27
DA:33,23
DA:34,27
DA:35,0
DA:36,27
DA:39,27
DA:40,29
DA:41,29
DA:42,27
DA:45,23
DA:46,24
DA:47,23
DA:48,32
DA:49,0
DA:50,0
DA:51,0
DA:53,32
DA:54,23
LH:30
LF:35
end_of_record
SF:/Users/dmitrigrabov/workspace/skmtc-root/skmtc/deno/core/oas/_merge-all-of/merge-intersection.ts
FN:11,mergeIntersection
FNDA:45,mergeIntersection
FNF:1
FNH:1
BRDA:14,1,0,2
BRDA:16,1,1,43
BRDA:19,2,0,12
BRDA:19,2,1,75
BRF:4
BRH:4
DA:1,13
DA:3,13
DA:11,13
DA:12,174
DA:14,58
DA:15,60
DA:16,60
DA:18,101
DA:19,188
DA:20,101
DA:22,101
DA:23,187
DA:25,187
DA:26,101
DA:28,101
DA:29,13
LH:16
LF:16
end_of_record
SF:/Users/dmitrigrabov/workspace/skmtc-root/skmtc/deno/core/oas/_merge-all-of/merge-metadata.ts
FN:3,mergeMetadata
FNDA:4,mergeMetadata
FNF:1
FNH:1
BRDA:10,1,0,0
BRDA:13,1,1,3
BRDA:13,1,2,3
BRDA:14,1,3,1
BRDA:14,1,4,2
BRDA:16,1,5,3
BRDA:16,1,6,3
BRDA:17,1,7,1
BRDA:17,1,8,2
BRDA:19,1,9,2
BRDA:19,1,10,3
BRDA:20,1,11,2
BRDA:20,1,12,1
BRDA:22,1,13,3
BRDA:22,1,14,2
BRDA:23,1,15,1
BRDA:23,1,16,1
BRDA:25,1,17,2
BRDA:25,1,18,3
BRDA:26,1,19,2
BRDA:26,1,20,1
BRDA:28,1,21,3
BRDA:28,1,22,2
BRDA:29,1,23,1
BRDA:29,1,24,1
BRDA:31,1,25,3
BRDA:31,1,26,2
BRDA:32,1,27,1
BRDA:32,1,28,1
BRDA:34,1,29,3
BRDA:34,1,30,2
BRDA:35,1,31,1
BRDA:35,1,32,1
BRF:33
BRH:32
DA:3,1
DA:4,1
DA:5,1
DA:7,5
DA:10,0
DA:11,0
DA:12,0
DA:13,5
DA:14,8
DA:15,8
DA:16,5
DA:17,8
DA:18,8
DA:19,5
DA:20,8
DA:21,8
DA:22,5
DA:23,7
DA:24,7
DA:25,5
DA:26,8
DA:27,8
DA:28,5
DA:29,7
DA:30,7
DA:31,5
DA:32,7
DA:33,7
DA:34,5
DA:35,7
DA:36,7
DA:38,5
DA:39,1
LH:30
LF:33
end_of_record
SF:/Users/dmitrigrabov/workspace/skmtc-root/skmtc/deno/core/oas/_merge-all-of/merge-number-constraints.ts
FN:7,mergeNumberConstraints
FNDA:17,mergeNumberConstraints
FNF:1
FNH:1
BRDA:21,1,0,12
BRDA:21,1,1,7
BRDA:22,1,2,3
BRDA:23,1,3,0
BRDA:27,1,4,4
BRDA:27,1,5,4
BRDA:30,1,6,16
BRDA:33,1,7,12
BRDA:33,1,8,7
BRDA:34,1,9,3
BRDA:35,1,10,0
BRDA:39,1,11,5
BRDA:39,1,12,3
BRDA:42,1,13,16
BRDA:45,1,14,3
BRDA:45,1,15,2
BRDA:47,1,16,14
BRDA:47,1,17,1
BRDA:49,1,18,13
BRDA:49,1,19,1
BRDA:51,1,20,16
BRF:21
BRH:19
DA:3,13
DA:5,13
DA:6,13
DA:7,13
DA:8,13
DA:9,13
DA:10,13
DA:12,30
DA:15,30
DA:18,30
DA:21,30
DA:22,37
DA:23,0
DA:24,37
DA:27,37
DA:28,41
DA:29,41
DA:30,37
DA:33,30
DA:34,37
DA:35,0
DA:36,37
DA:39,37
DA:40,40
DA:41,40
DA:42,37
DA:45,30
DA:46,32
DA:47,30
DA:48,45
DA:49,44
DA:50,58
DA:51,58
DA:53,46
DA:54,30
LH:33
LF:35
end_of_record
SF:/Users/dmitrigrabov/workspace/skmtc-root/skmtc/deno/core/oas/_merge-all-of/merge-object-constraints.ts
FN:9,mergeObjectConstraints
FNDA:90,mergeObjectConstraints
FNF:1
FNH:1
BRDA:20,1,0,3
BRDA:22,1,1,2
BRDA:29,1,2,82
BRDA:29,1,3,6
BRDA:31,1,4,76
BRDA:31,1,5,4
BRDA:33,1,6,89
BRDA:33,1,7,82
BRDA:36,1,8,78
BRDA:36,1,9,4
BRDA:37,1,10,0
BRDA:37,1,11,2
BRDA:38,1,12,89
BRDA:38,1,13,82
BRDA:40,1,14,78
BRDA:40,1,15,4
BRDA:42,1,16,0
BRDA:43,1,17,2
BRDA:45,1,18,82
BRF:19
BRH:17
DA:2,13
DA:3,13
DA:4,13
DA:5,13
DA:9,13
DA:10,13
DA:11,13
DA:12,13
DA:15,103
DA:17,103
DA:19,103
DA:20,103
DA:21,103
DA:22,103
DA:24,105
DA:25,105
DA:26,105
DA:27,105
DA:29,103
DA:30,191
DA:31,185
DA:32,265
DA:33,265
DA:36,103
DA:37,0
DA:38,107
DA:40,103
DA:41,0
DA:42,0
DA:43,0
DA:45,107
DA:47,185
DA:48,13
LH:29
LF:33
end_of_record
SF:/Users/dmitrigrabov/workspace/skmtc-root/skmtc/deno/core/oas/_merge-all-of/merge-properties.ts
FN:3,mergeProperties
FN:31,containsProperties
FNDA:179,mergeProperties
FNDA:179,containsProperties
FNF:2
FNH:2
BRDA:8,1,0,79
BRDA:11,1,1,0
BRDA:17,1,2,108
BRDA:18,1,3,22
BRDA:20,1,4,86
BRDA:23,1,5,70
BRDA:32,2,0,138
BRF:7
BRH:6
DA:2,13
DA:3,13
DA:4,13
DA:5,13
DA:6,13
DA:8,192
DA:9,813
DA:11,0
DA:12,0
DA:13,0
DA:14,0
DA:15,0
DA:17,271
DA:18,379
DA:19,401
DA:20,379
DA:21,465
DA:22,465
DA:23,379
DA:25,341
DA:26,341
DA:27,341
DA:28,341
DA:29,13
DA:31,13
DA:32,192
DA:33,13
LH:22
LF:27
end_of_record
SF:/Users/dmitrigrabov/workspace/skmtc-root/skmtc/deno/core/oas/_merge-all-of/merge-required.ts
FN:3,containsRequired
FN:7,mergeRequired
FNDA:175,containsRequired
FNDA:175,mergeRequired
FNF:2
FNH:2
BRDA:4,1,0,155
BRDA:11,2,0,43
BRDA:13,2,1,23
BRDA:13,2,2,9
BRF:4
BRH:4
DA:3,13
DA:4,188
DA:5,13
DA:7,13
DA:8,13
DA:9,13
DA:11,188
DA:12,231
DA:13,693
DA:14,231
DA:15,231
DA:16,13
LH:12
LF:12
end_of_record
SF:/Users/dmitrigrabov/workspace/skmtc-root/skmtc/deno/core/oas/_merge-all-of/merge-string-constraints.ts
FN:8,mergeStringConstraints
FNDA:34,mergeStringConstraints
FNF:1
FNH:1
BRDA:15,1,0,1
BRDA:17,1,1,32
BRDA:26,1,2,29
BRDA:26,1,3,3
BRDA:27,1,4,1
BRDA:28,1,5,0
BRDA:30,1,6,31
BRDA:33,1,7,29
BRDA:33,1,8,3
BRDA:34,1,9,1
BRDA:35,1,10,0
BRDA:37,1,11,31
BRDA:40,1,12,2
BRDA:40,1,13,2
BRDA:46,1,14,0
BRDA:48,1,15,29
BRDA:48,1,16,0
BRDA:50,1,17,1
BRDA:55,1,18,0
BRDA:55,1,19,0
BRDA:61,1,20,29
BRDA:61,1,21,0
BRDA:63,1,22,1
BRF:23
BRH:16
DA:3,13
DA:5,13
DA:6,13
DA:7,13
DA:8,13
DA:9,13
DA:10,13
DA:11,13
DA:13,47
DA:15,47
DA:16,48
DA:17,48
DA:20,79
DA:23,79
DA:26,47
DA:27,50
DA:28,0
DA:29,50
DA:30,50
DA:33,47
DA:34,50
DA:35,0
DA:36,50
DA:37,50
DA:40,47
DA:42,49
DA:43,49
DA:44,49
DA:46,49
DA:47,0
DA:48,0
DA:49,0
DA:50,0
DA:51,77
DA:52,77
DA:55,0
DA:57,0
DA:58,0
DA:59,0
DA:60,0
DA:61,0
DA:62,0
DA:63,0
DA:64,77
DA:65,77
DA:67,76
DA:68,47
LH:33
LF:47
end_of_record
SF:/Users/dmitrigrabov/workspace/skmtc-root/skmtc/deno/core/oas/_merge-all-of/merge-union.ts
FN:12,mergeUnion
FN:54,mergeCrossProduct
FNDA:3,mergeUnion
FNDA:19,mergeCrossProduct
FNF:2
FNH:2
BRDA:29,2,0,0
BRDA:60,4,0,11
BRDA:60,4,1,8
BRDA:61,4,2,10
BRDA:61,4,3,9
BRDA:69,5,0,12
BRDA:77,7,0,2
BRDA:79,7,1,29
BRF:8
BRH:7
DA:1,13
DA:3,13
DA:4,13
DA:5,13
DA:12,13
DA:13,64
DA:28,16
DA:29,0
DA:30,16
DA:32,16
DA:33,120
DA:35,20
DA:36,16
DA:38,16
DA:39,16
DA:40,16
DA:41,16
DA:42,16
DA:44,16
DA:45,13
DA:54,13
DA:55,13
DA:56,13
DA:57,13
DA:58,13
DA:59,13
DA:60,104
DA:61,105
DA:63,32
DA:64,32
DA:65,75
DA:66,75
DA:68,75
DA:69,75
DA:70,87
DA:71,87
DA:72,32
DA:73,32
DA:75,32
DA:76,32
DA:77,63
DA:78,65
DA:79,65
DA:81,276
DA:82,32
DA:83,32
DA:84,13
LH:46
LF:47
end_of_record
SF:/Users/dmitrigrabov/workspace/skmtc-root/skmtc/deno/core/oas/_merge-all-of/merge.ts
FN:22,mergeSchemasOrRefs
FN:68,containsAllOf
FN:80,containsAnyOf
FN:100,containsOneOf
FN:120,containsRef
FN:124,mergeSchemas
FN:148,typedMerge
FN:180,mergeWithRef
FNDA:172,mergeSchemasOrRefs
FNDA:346,containsAllOf
FNDA:152,containsAnyOf
FNDA:161,containsOneOf
FNDA:172,containsRef
FNDA:149,mergeSchemas
FNDA:125,typedMerge
FNDA:5,mergeWithRef
FNF:8
FNH:8
BRDA:27,1,0,5
BRDA:29,1,1,167
BRDA:31,1,2,0
BRDA:33,1,3,167
BRDA:35,1,4,0
BRDA:37,1,5,167
BRDA:39,1,6,6
BRDA:40,1,7,0
BRDA:43,1,8,0
BRDA:47,1,9,161
BRDA:49,1,10,9
BRDA:51,1,11,152
BRDA:53,1,12,6
BRDA:55,1,13,146
BRDA:57,1,14,0
BRDA:59,1,15,146
BRDA:61,1,16,1
BRDA:63,1,17,145
BRDA:69,2,0,12
BRDA:72,2,1,0
BRDA:75,2,2,334
BRDA:81,3,0,6
BRDA:84,3,1,0
BRDA:87,3,2,146
BRDA:89,3,3,0
BRDA:95,3,4,146
BRDA:101,4,0,4
BRDA:104,4,1,0
BRDA:107,4,2,157
BRDA:109,4,3,5
BRDA:112,4,4,0
BRDA:115,4,5,152
BRDA:121,5,0,168
BRDA:131,6,0,17
BRDA:133,6,1,147
BRDA:133,6,2,132
BRDA:141,6,3,126
BRDA:141,6,4,147
BRDA:141,6,5,1
BRDA:143,6,6,125
BRDA:149,7,0,59
BRDA:149,7,1,5
BRDA:151,7,2,123
BRDA:151,7,3,120
BRDA:153,7,4,78
BRDA:155,7,5,99
BRDA:155,7,6,82
BRDA:155,7,7,42
BRDA:157,7,8,10
BRDA:159,7,9,76
BRDA:159,7,10,32
BRDA:161,7,11,25
BRDA:163,7,12,67
BRDA:163,7,13,7
BRDA:167,7,14,0
BRDA:185,8,0,4
BRDA:185,8,1,1
BRDA:191,8,2,0
BRDA:194,8,3,4
BRDA:196,8,4,3
BRDA:196,8,5,3
BRDA:197,8,6,0
BRDA:200,8,7,1
BRDA:202,8,8,3
BRDA:202,8,9,1
BRDA:203,8,10,0
BRDA:206,8,11,0
BRF:67
BRH:52
DA:1,13
DA:3,13
DA:4,13
DA:5,13
DA:6,13
DA:7,13
DA:8,13
DA:9,13
DA:10,13
DA:11,13
DA:12,13
DA:13,13
DA:14,13
DA:15,13
DA:16,13
DA:17,13
DA:18,13
DA:19,13
DA:20,13
DA:22,13
DA:23,13
DA:24,13
DA:25,13
DA:27,185
DA:28,190
DA:29,190
DA:31,0
DA:32,0
DA:33,0
DA:35,0
DA:36,0
DA:37,0
DA:39,185
DA:40,0
DA:42,191
DA:43,573
DA:44,0
DA:46,191
DA:47,191
DA:49,185
DA:50,1164
DA:51,194
DA:53,185
DA:54,1146
DA:55,191
DA:57,0
DA:58,0
DA:59,0
DA:61,185
DA:62,186
DA:63,186
DA:65,330
DA:66,13
DA:68,13
DA:69,359
DA:70,371
DA:71,371
DA:72,371
DA:74,0
DA:75,0
DA:77,693
DA:78,13
DA:80,13
DA:81,165
DA:82,171
DA:83,171
DA:84,171
DA:86,0
DA:87,0
DA:89,0
DA:90,0
DA:91,0
DA:92,0
DA:94,0
DA:95,0
DA:97,311
DA:98,13
DA:100,13
DA:101,174
DA:102,178
DA:103,178
DA:104,178
DA:106,0
DA:107,0
DA:109,174
DA:110,179
DA:111,179
DA:112,179
DA:114,0
DA:115,0
DA:117,326
DA:118,13
DA:120,13
DA:121,185
DA:122,13
DA:124,13
DA:125,13
DA:126,13
DA:127,13
DA:129,162
DA:130,162
DA:131,162
DA:132,179
DA:133,179
DA:135,441
DA:136,441
DA:137,441
DA:138,441
DA:139,441
DA:141,162
DA:142,310
DA:143,310
DA:145,434
DA:146,13
DA:148,13
DA:149,138
DA:150,143
DA:151,143
DA:153,261
DA:154,339
DA:155,339
DA:157,319
DA:158,329
DA:159,329
DA:161,313
DA:162,338
DA:163,338
DA:165,387
DA:166,387
DA:167,387
DA:169,0
DA:170,0
DA:171,0
DA:173,0
DA:174,0
DA:175,0
DA:177,0
DA:178,13
DA:180,13
DA:181,13
DA:182,13
DA:183,13
DA:185,18
DA:186,19
DA:187,19
DA:188,19
DA:189,19
DA:190,19
DA:191,0
DA:192,0
DA:193,0
DA:194,19
DA:196,18
DA:197,0
DA:199,21
DA:200,21
DA:202,18
DA:203,0
DA:205,22
DA:206,22
DA:208,0
DA:209,13
LH:124
LF:162
end_of_record
SF:/Users/dmitrigrabov/workspace/skmtc-root/skmtc/deno/core/oas/_merge-all-of/nullable-merge.ts
FN:4,mergeNullOnly
FN:14,isNullOnly
FNDA:1,mergeNullOnly
FNDA:292,isNullOnly
FNF:2
FNH:2
BRDA:5,1,0,0
BRDA:5,1,1,0
BRDA:18,2,0,14
BRDA:18,2,1,1
BRDA:18,2,2,1
BRDA:18,2,3,1
BRDA:18,2,4,0
BRF:7
BRH:4
DA:2,13
DA:4,13
DA:5,0
DA:6,0
DA:7,0
DA:9,14
DA:11,14
DA:12,13
DA:14,13
DA:15,305
DA:17,0
DA:18,0
DA:20,13
LH:8
LF:13
end_of_record
SF:/Users/dmitrigrabov/workspace/skmtc-root/skmtc/deno/core/oas/array/Array.ts
FN:135,<instance_members_initializer>
FN:192,OasArray
FN:211,isRef
FN:220,resolve
FN:229,resolveOnce
FN:239,toJsonSchema
FNDA:3,<instance_members_initializer>
FNDA:3,OasArray
FNDA:0,isRef
FNDA:0,resolve
FNDA:0,resolveOnce
FNDA:0,toJsonSchema
FNF:6
FNH:2
BRF:0
BRH:0
DA:130,3
DA:135,3
DA:139,6
DA:143,6
DA:147,6
DA:151,6
DA:155,6
DA:159,6
DA:162,6
DA:167,6
DA:171,6
DA:175,6
DA:180,6
DA:185,3
DA:192,3
DA:193,6
DA:194,6
DA:195,6
DA:196,6
DA:197,6
DA:198,6
DA:199,6
DA:200,6
DA:201,6
DA:202,6
DA:203,6
DA:204,6
DA:211,0
DA:212,0
DA:213,0
DA:220,0
DA:221,0
DA:222,0
DA:229,0
DA:230,0
DA:231,0
DA:239,0
DA:240,0
DA:241,0
DA:242,0
DA:243,0
DA:244,0
DA:245,0
DA:246,0
DA:247,0
DA:248,0
DA:249,0
DA:250,0
DA:251,0
DA:252,0
DA:253,0
DA:254,3
LH:28
LF:52
end_of_record
SF:/Users/dmitrigrabov/workspace/skmtc-root/skmtc/deno/core/oas/array/array-types.ts
FNF:0
FNH:0
BRF:0
BRH:0
DA:1,2
DA:2,2
DA:3,2
DA:67,2
DA:68,2
DA:69,0
DA:70,2
DA:71,2
DA:72,2
DA:73,2
DA:74,2
DA:75,2
DA:76,2
DA:77,2
DA:122,2
DA:123,2
DA:124,2
DA:125,2
DA:126,2
DA:127,2
DA:128,2
DA:129,2
DA:130,2
DA:131,2
LH:23
LF:24
end_of_record
SF:/Users/dmitrigrabov/workspace/skmtc-root/skmtc/deno/core/oas/array/toArray.ts
FN:76,toArray
FN:174,toParsedArray
FNDA:0,toArray
FNDA:0,toParsedArray
FNF:2
FNH:0
BRF:0
BRH:0
DA:2,2
DA:3,2
DA:5,2
DA:6,2
DA:7,2
DA:8,2
DA:9,2
DA:10,2
DA:11,2
DA:76,0
DA:77,0
DA:78,0
DA:79,0
DA:80,0
DA:82,0
DA:83,0
DA:84,0
DA:85,0
DA:86,0
DA:87,0
DA:89,0
DA:90,0
DA:91,0
DA:92,0
DA:93,0
DA:94,0
DA:96,0
DA:97,0
DA:98,0
DA:99,0
DA:100,0
DA:101,0
DA:103,0
DA:104,0
DA:105,0
DA:106,0
DA:107,0
DA:108,0
DA:109,0
DA:110,0
DA:111,0
DA:174,0
DA:175,0
DA:176,0
DA:177,0
DA:178,0
DA:179,0
DA:180,0
DA:181,0
DA:183,0
DA:186,0
DA:187,0
DA:188,0
DA:189,0
DA:190,0
DA:191,0
DA:192,0
DA:193,0
DA:194,0
DA:195,0
DA:197,0
DA:198,0
DA:199,0
DA:200,0
DA:201,0
DA:202,0
DA:209,0
DA:210,0
DA:211,0
DA:212,0
DA:213,0
DA:214,0
DA:215,0
DA:216,0
DA:217,0
DA:218,0
DA:219,0
DA:220,0
DA:221,0
DA:222,0
LH:9
LF:80
end_of_record
SF:/Users/dmitrigrabov/workspace/skmtc-root/skmtc/deno/core/oas/boolean/Boolean.ts
FN:164,<instance_members_initializer>
FN:203,OasBoolean
FN:218,isRef
FN:227,resolve
FN:236,resolveOnce
FN:247,toJsonSchema
FNDA:1,<instance_members_initializer>
FNDA:1,OasBoolean
FNDA:0,isRef
FNDA:0,resolve
FNDA:0,resolveOnce
FNDA:0,toJsonSchema
FNF:6
FNH:2
BRF:0
BRH:0
DA:159,3
DA:164,3
DA:168,4
DA:172,4
DA:176,4
DA:180,4
DA:183,4
DA:187,4
DA:192,4
DA:196,3
DA:203,3
DA:204,4
DA:205,4
DA:206,4
DA:207,4
DA:208,4
DA:209,4
DA:210,4
DA:211,4
DA:218,0
DA:219,0
DA:220,0
DA:227,0
DA:228,0
DA:229,0
DA:236,0
DA:237,0
DA:238,0
DA:247,0
DA:248,0
DA:249,0
DA:250,0
DA:251,0
DA:252,0
DA:253,0
DA:254,0
DA:255,0
DA:256,0
DA:257,0
DA:258,3
LH:20
LF:40
end_of_record
SF:/Users/dmitrigrabov/workspace/skmtc-root/skmtc/deno/core/oas/boolean/boolean-types.ts
FNF:0
FNH:0
BRF:0
BRH:0
DA:1,2
DA:39,2
DA:40,2
DA:41,2
DA:42,2
DA:43,2
DA:44,2
DA:45,2
LH:8
LF:8
end_of_record
SF:/Users/dmitrigrabov/workspace/skmtc-root/skmtc/deno/core/oas/boolean/toBoolean.ts
FN:74,toBoolean
FN:120,toParsedBoolean
FNDA:0,toBoolean
FNDA:0,toParsedBoolean
FNF:2
FNH:0
BRF:0
BRH:0
DA:3,2
DA:4,2
DA:5,2
DA:6,2
DA:7,2
DA:8,2
DA:9,2
DA:10,2
DA:74,0
DA:75,0
DA:76,0
DA:77,0
DA:78,0
DA:80,0
DA:81,0
DA:82,0
DA:83,0
DA:84,0
DA:85,0
DA:87,0
DA:88,0
DA:89,0
DA:90,0
DA:91,0
DA:92,0
DA:94,0
DA:95,0
DA:96,0
DA:97,0
DA:98,0
DA:99,0
DA:101,0
DA:102,0
DA:103,0
DA:104,0
DA:105,0
DA:106,0
DA:107,0
DA:108,0
DA:109,0
DA:120,0
DA:121,0
DA:122,0
DA:123,0
DA:124,0
DA:125,0
DA:126,0
DA:127,0
DA:128,0
DA:130,0
DA:131,0
DA:132,0
DA:133,0
DA:134,0
DA:135,0
DA:137,0
DA:138,0
DA:139,0
DA:140,0
DA:141,0
DA:142,0
DA:143,0
DA:144,0
DA:145,0
DA:146,0
LH:8
LF:65
end_of_record
SF:/Users/dmitrigrabov/workspace/skmtc-root/skmtc/deno/core/oas/components/Components.ts
FN:205,<instance_members_initializer>
FN:227,OasComponents
FN:260,toSchemasRefNames
FN:265,get schemas
FN:305,removeSchema
FN:314,get responses
FN:319,get parameters
FN:324,get examples
FN:329,get requestBodies
FN:334,get headers
FN:339,get securitySchemes
FN:344,get extensionFields
FNDA:0,<instance_members_initializer>
FNDA:0,OasComponents
FNDA:0,toSchemasRefNames
FNDA:0,get schemas
FNDA:0,removeSchema
FNDA:0,get responses
FNDA:0,get parameters
FNDA:0,get examples
FNDA:0,get requestBodies
FNDA:0,get headers
FNDA:0,get securitySchemes
FNDA:0,get extensionFields
FNF:12
FNH:0
BRF:0
BRH:0
DA:14,1
DA:15,1
DA:16,1
DA:17,1
DA:18,1
DA:19,1
DA:20,1
DA:21,1
DA:22,1
DA:203,1
DA:205,0
DA:207,0
DA:227,0
DA:228,0
DA:229,0
DA:260,0
DA:261,0
DA:262,0
DA:265,0
DA:266,0
DA:267,0
DA:305,0
DA:306,0
DA:308,0
DA:310,0
DA:311,0
DA:314,0
DA:315,0
DA:316,0
DA:319,0
DA:320,0
DA:321,0
DA:324,0
DA:325,0
DA:326,0
DA:329,0
DA:330,0
DA:331,0
DA:334,0
DA:335,0
DA:336,0
DA:339,0
DA:340,0
DA:341,0
DA:344,0
DA:345,0
DA:346,0
DA:347,1
LH:11
LF:48
end_of_record
SF:/Users/dmitrigrabov/workspace/skmtc-root/skmtc/deno/core/oas/components/toComponentsV3.ts
FN:19,toComponentsV3
FNDA:0,toComponentsV3
FNF:1
FNH:0
BRF:0
BRH:0
DA:1,1
DA:2,1
DA:3,1
DA:4,1
DA:7,1
DA:8,1
DA:9,1
DA:11,1
DA:12,1
DA:19,0
DA:20,0
DA:21,0
DA:22,0
DA:23,0
DA:24,0
DA:25,0
DA:27,0
DA:28,0
DA:29,0
DA:30,0
DA:31,0
DA:32,0
DA:33,0
DA:34,0
DA:35,0
DA:36,0
DA:38,0
DA:39,0
DA:40,0
DA:41,0
DA:42,0
DA:43,0
DA:45,0
DA:46,0
DA:47,0
DA:48,0
DA:49,0
DA:50,0
DA:51,0
DA:52,0
DA:54,0
DA:55,0
DA:56,0
DA:57,0
DA:58,0
DA:59,0
DA:60,0
DA:61,0
DA:63,0
DA:64,0
DA:65,0
DA:67,0
DA:68,0
DA:70,0
DA:71,0
LH:9
LF:55
end_of_record
SF:/Users/dmitrigrabov/workspace/skmtc-root/skmtc/deno/core/oas/contact/Contact.ts
FN:42,<instance_members_initializer>
FN:58,OasContact
FNDA:0,<instance_members_initializer>
FNDA:0,OasContact
FNF:2
FNH:0
BRF:0
BRH:0
DA:40,1
DA:42,0
DA:45,0
DA:47,0
DA:49,0
DA:51,0
DA:58,0
DA:59,0
DA:60,0
DA:61,0
DA:62,0
DA:63,0
DA:64,1
LH:2
LF:13
end_of_record
SF:/Users/dmitrigrabov/workspace/skmtc-root/skmtc/deno/core/oas/contact/toContactV3.ts
FN:6,toContactV3
FNDA:0,toContactV3
FNF:1
FNH:0
BRF:0
BRH:0
DA:3,1
DA:4,1
DA:6,0
DA:7,0
DA:8,0
DA:10,0
DA:12,0
DA:13,0
DA:14,0
DA:15,0
DA:16,0
DA:17,0
DA:19,0
DA:20,0
DA:21,0
DA:22,0
DA:23,0
DA:24,0
DA:25,0
LH:2
LF:19
end_of_record
SF:/Users/dmitrigrabov/workspace/skmtc-root/skmtc/deno/core/oas/discriminator/Discriminator.ts
FN:7,<instance_members_initializer>
FN:11,OasDiscriminator
FNDA:0,<instance_members_initializer>
FNDA:0,OasDiscriminator
FNF:2
FNH:0
BRF:0
BRH:0
DA:6,2
DA:7,0
DA:8,0
DA:9,0
DA:11,0
DA:12,0
DA:13,0
DA:14,0
DA:15,2
LH:2
LF:9
end_of_record
SF:/Users/dmitrigrabov/workspace/skmtc-root/skmtc/deno/core/oas/discriminator/discriminator-types.ts
FNF:0
FNH:0
BRF:0
BRH:0
DA:1,2
DA:26,2
DA:27,2
DA:28,2
DA:29,2
DA:30,2
LH:6
LF:6
end_of_record
SF:/Users/dmitrigrabov/workspace/skmtc-root/skmtc/deno/core/oas/discriminator/toDiscriminatorV3.ts
FN:10,toDiscriminatorV3
FNDA:0,toDiscriminatorV3
FNF:1
FNH:0
BRF:0
BRH:0
DA:3,2
DA:10,0
DA:11,0
DA:12,0
DA:13,0
DA:14,0
DA:15,0
DA:16,0
DA:18,0
DA:20,0
DA:22,0
DA:23,0
DA:24,0
DA:25,0
DA:26,0
LH:1
LF:15
end_of_record
SF:/Users/dmitrigrabov/workspace/skmtc-root/skmtc/deno/core/oas/document/Document.ts
FN:101,<instance_members_initializer>
FN:124,OasDocument
FN:149,removeItem
FN:198,set fields
FN:203,get openapi
FN:212,get info
FN:220,get servers
FN:229,get operations
FN:238,get components
FN:247,get tags
FN:256,get security
FN:265,get extensionFields
FN:294,toJSON
FNDA:0,<instance_members_initializer>
FNDA:0,OasDocument
FNDA:0,removeItem
FNDA:0,set fields
FNDA:0,get openapi
FNDA:0,get info
FNDA:0,get servers
FNDA:0,get operations
FNDA:0,get components
FNDA:0,get tags
FNDA:0,get security
FNDA:0,get extensionFields
FNDA:0,toJSON
FNF:13
FNH:0
BRF:0
BRH:0
DA:8,2
DA:99,2
DA:101,0
DA:104,0
DA:124,0
DA:125,0
DA:126,0
DA:149,0
DA:150,0
DA:152,0
DA:153,0
DA:154,0
DA:155,0
DA:158,0
DA:159,0
DA:160,0
DA:162,0
DA:164,0
DA:165,0
DA:166,0
DA:167,0
DA:168,0
DA:169,0
DA:171,0
DA:172,0
DA:173,0
DA:174,0
DA:175,0
DA:176,0
DA:198,0
DA:199,0
DA:200,0
DA:203,0
DA:204,0
DA:205,0
DA:206,0
DA:208,0
DA:209,0
DA:212,0
DA:213,0
DA:214,0
DA:215,0
DA:217,0
DA:218,0
DA:220,0
DA:221,0
DA:222,0
DA:223,0
DA:225,0
DA:226,0
DA:229,0
DA:230,0
DA:231,0
DA:232,0
DA:234,0
DA:235,0
DA:238,0
DA:239,0
DA:240,0
DA:241,0
DA:243,0
DA:244,0
DA:247,0
DA:248,0
DA:249,0
DA:250,0
DA:252,0
DA:253,0
DA:256,0
DA:257,0
DA:258,0
DA:259,0
DA:261,0
DA:262,0
DA:265,0
DA:266,0
DA:267,0
DA:268,0
DA:270,0
DA:271,0
DA:294,0
DA:295,0
DA:296,0
DA:297,0
DA:298,0
DA:299,0
DA:300,0
DA:301,0
DA:302,0
DA:303,0
DA:304,0
DA:305,0
DA:306,2
LH:3
LF:93
end_of_record
SF:/Users/dmitrigrabov/workspace/skmtc-root/skmtc/deno/core/oas/document/toDocumentFieldsV3.ts
FN:17,toDocumentFieldsV3
FNDA:0,toDocumentFieldsV3
FNF:1
FNH:0
BRF:0
BRH:0
DA:3,1
DA:4,1
DA:5,1
DA:6,1
DA:8,1
DA:9,1
DA:10,1
DA:17,0
DA:18,0
DA:19,0
DA:20,0
DA:21,0
DA:23,0
DA:24,0
DA:25,0
DA:26,0
DA:27,0
DA:28,0
DA:30,0
DA:31,0
DA:32,0
DA:33,0
DA:34,0
DA:35,0
DA:36,0
DA:37,0
DA:38,0
DA:39,0
DA:40,0
LH:7
LF:29
end_of_record
SF:/Users/dmitrigrabov/workspace/skmtc-root/skmtc/deno/core/oas/example/Example.ts
FN:95,<instance_members_initializer>
FN:99,OasExample
FN:104,get summary
FN:109,get description
FN:114,get value
FN:119,get extensionFields
FN:124,isRef
FN:129,resolve
FN:133,resolveOnce
FN:137,toJsonSchema
FNDA:0,<instance_members_initializer>
FNDA:0,OasExample
FNDA:0,get summary
FNDA:0,get description
FNDA:0,get value
FNDA:0,get extensionFields
FNDA:0,isRef
FNDA:0,resolve
FNDA:0,resolveOnce
FNDA:0,toJsonSchema
FNF:10
FNH:0
BRF:0
BRH:0
DA:93,2
DA:95,0
DA:97,0
DA:99,0
DA:100,0
DA:101,0
DA:104,0
DA:105,0
DA:106,0
DA:109,0
DA:110,0
DA:111,0
DA:114,0
DA:115,0
DA:116,0
DA:119,0
DA:120,0
DA:121,0
DA:124,0
DA:125,0
DA:126,0
DA:129,0
DA:130,0
DA:131,0
DA:133,0
DA:134,0
DA:135,0
DA:137,0
DA:138,0
DA:139,0
DA:140,0
DA:141,0
DA:142,0
DA:143,0
DA:144,2
LH:2
LF:35
end_of_record
SF:/Users/dmitrigrabov/workspace/skmtc-root/skmtc/deno/core/oas/example/example-types.ts
FNF:0
FNH:0
BRF:0
BRH:0
DA:1,2
DA:2,2
DA:12,2
DA:13,2
DA:14,2
DA:15,2
DA:16,2
DA:18,2
LH:8
LF:8
end_of_record
SF:/Users/dmitrigrabov/workspace/skmtc-root/skmtc/deno/core/oas/example/toExamplesV3.ts
FN:23,toExampleSimpleV3
FN:62,toExamplesV3
FN:106,toExampleV3
FNDA:0,toExampleSimpleV3
FNDA:0,toExamplesV3
FNDA:0,toExampleV3
FNF:3
FNH:0
BRF:0
BRH:0
DA:3,2
DA:4,2
DA:5,2
DA:8,2
DA:23,0
DA:24,0
DA:25,0
DA:26,0
DA:27,0
DA:28,0
DA:29,0
DA:30,0
DA:32,0
DA:33,0
DA:62,0
DA:63,0
DA:64,0
DA:65,0
DA:66,0
DA:67,0
DA:68,0
DA:69,0
DA:70,0
DA:72,0
DA:73,0
DA:74,0
DA:75,0
DA:76,0
DA:78,0
DA:79,0
DA:80,0
DA:81,0
DA:82,0
DA:83,0
DA:85,0
DA:86,0
DA:88,0
DA:89,0
DA:106,0
DA:107,0
DA:108,0
DA:109,0
DA:110,0
DA:111,0
DA:112,0
DA:114,0
DA:116,0
DA:117,0
DA:118,0
DA:119,0
DA:120,0
DA:121,0
DA:123,0
DA:124,0
DA:125,0
DA:126,0
DA:127,0
DA:128,0
DA:129,0
LH:4
LF:59
end_of_record
SF:/Users/dmitrigrabov/workspace/skmtc-root/skmtc/deno/core/oas/header/Header.ts
FN:60,<instance_members_initializer>
FN:76,OasHeader
FN:87,isRef
FN:92,resolve
FN:96,resolveOnce
FN:105,toSchema
FN:119,toJsonSchema
FNDA:0,<instance_members_initializer>
FNDA:0,OasHeader
FNDA:0,isRef
FNDA:0,resolve
FNDA:0,resolveOnce
FNDA:0,toSchema
FNDA:0,toJsonSchema
FNF:7
FNH:0
BRF:0
BRH:0
DA:59,2
DA:60,0
DA:62,0
DA:64,0
DA:66,0
DA:68,0
DA:70,0
DA:72,0
DA:74,0
DA:76,0
DA:77,0
DA:78,0
DA:79,0
DA:80,0
DA:81,0
DA:82,0
DA:83,0
DA:84,0
DA:87,0
DA:88,0
DA:89,0
DA:92,0
DA:93,0
DA:94,0
DA:96,0
DA:97,0
DA:98,0
DA:105,0
DA:106,0
DA:107,0
DA:108,0
DA:110,0
DA:112,0
DA:113,0
DA:114,0
DA:116,0
DA:117,0
DA:119,0
DA:120,0
DA:121,0
DA:122,0
DA:123,0
DA:124,0
DA:125,0
DA:126,0
DA:127,0
DA:128,2
LH:2
LF:47
end_of_record
SF:/Users/dmitrigrabov/workspace/skmtc-root/skmtc/deno/core/oas/header/toHeadersV3.ts
FN:18,toHeadersV3
FN:38,toHeaderV3
FNDA:0,toHeadersV3
FNDA:0,toHeaderV3
FNF:2
FNH:0
BRF:0
BRH:0
DA:1,2
DA:2,2
DA:3,2
DA:5,2
DA:7,2
DA:8,2
DA:11,2
DA:18,0
DA:19,0
DA:20,0
DA:21,0
DA:22,0
DA:23,0
DA:24,0
DA:26,0
DA:27,0
DA:28,0
DA:29,0
DA:31,0
DA:38,0
DA:39,0
DA:40,0
DA:41,0
DA:43,0
DA:44,0
DA:46,0
DA:47,0
DA:48,0
DA:49,0
DA:50,0
DA:51,0
DA:53,0
DA:54,0
DA:55,0
DA:56,0
DA:57,0
DA:58,0
DA:59,0
DA:60,0
DA:61,0
DA:62,0
DA:63,0
DA:64,0
DA:65,0
DA:66,0
DA:68,0
DA:69,0
LH:7
LF:47
end_of_record
SF:/Users/dmitrigrabov/workspace/skmtc-root/skmtc/deno/core/oas/info/Info.ts
FN:88,<instance_members_initializer>
FN:97,OasInfo
FN:106,get title
FN:115,get description
FN:124,get termsOfService
FN:133,get contact
FN:142,get license
FN:151,get version
FN:156,get extensionFields
FNDA:0,<instance_members_initializer>
FNDA:0,OasInfo
FNDA:0,get title
FNDA:0,get description
FNDA:0,get termsOfService
FNDA:0,get contact
FNDA:0,get license
FNDA:0,get version
FNDA:0,get extensionFields
FNF:9
FNH:0
BRF:0
BRH:0
DA:86,2
DA:88,0
DA:90,0
DA:97,0
DA:98,0
DA:99,0
DA:106,0
DA:107,0
DA:108,0
DA:115,0
DA:116,0
DA:117,0
DA:124,0
DA:125,0
DA:126,0
DA:133,0
DA:134,0
DA:135,0
DA:142,0
DA:143,0
DA:144,0
DA:151,0
DA:152,0
DA:153,0
DA:156,0
DA:157,0
DA:158,0
DA:159,2
LH:2
LF:28
end_of_record
SF:/Users/dmitrigrabov/workspace/skmtc-root/skmtc/deno/core/oas/info/toInfoV3.ts
FN:13,toInfoV3
FNDA:0,toInfoV3
FNF:1
FNH:0
BRF:0
BRH:0
DA:3,1
DA:4,1
DA:5,1
DA:6,1
DA:13,0
DA:14,0
DA:16,0
DA:17,0
DA:18,0
DA:19,0
DA:20,0
DA:21,0
DA:23,0
DA:24,0
DA:25,0
DA:26,0
DA:27,0
DA:28,0
DA:29,0
DA:30,0
DA:31,0
DA:32,0
LH:4
LF:22
end_of_record
SF:/Users/dmitrigrabov/workspace/skmtc-root/skmtc/deno/core/oas/integer/Integer.ts
FN:123,<instance_members_initializer>
FN:178,OasInteger
FN:194,isRef
FN:198,resolve
FN:202,resolveOnce
FN:207,toJsonSchema
FNDA:5,<instance_members_initializer>
FNDA:5,OasInteger
FNDA:0,isRef
FNDA:0,resolve
FNDA:0,resolveOnce
FNDA:0,toJsonSchema
FNF:6
FNH:2
BRF:0
BRH:0
DA:118,3
DA:123,3
DA:127,8
DA:131,8
DA:135,8
DA:139,8
DA:143,8
DA:147,8
DA:149,8
DA:153,8
DA:157,8
DA:161,8
DA:165,8
DA:169,8
DA:173,8
DA:177,3
DA:178,3
DA:179,8
DA:180,8
DA:181,8
DA:182,8
DA:183,8
DA:184,8
DA:185,8
DA:186,8
DA:187,8
DA:188,8
DA:189,8
DA:190,8
DA:191,8
DA:192,8
DA:194,0
DA:195,0
DA:196,0
DA:198,0
DA:199,0
DA:200,0
DA:202,0
DA:203,0
DA:204,0
DA:207,0
DA:208,0
DA:209,0
DA:210,0
DA:211,0
DA:212,0
DA:213,0
DA:214,0
DA:215,0
DA:216,0
DA:217,0
DA:218,0
DA:219,0
DA:220,0
DA:221,0
DA:222,0
DA:223,0
DA:224,3
LH:32
LF:58
end_of_record
SF:/Users/dmitrigrabov/workspace/skmtc-root/skmtc/deno/core/oas/integer/integer-types.ts
FNF:0
FNH:0
BRF:0
BRH:0
DA:1,2
DA:9,2
DA:17,8
DA:25,2
DA:26,2
DA:27,2
DA:28,2
DA:29,2
DA:30,2
DA:31,2
DA:32,2
DA:33,2
DA:34,2
DA:35,2
DA:36,2
DA:37,2
DA:38,2
DA:39,2
LH:18
LF:18
end_of_record
SF:/Users/dmitrigrabov/workspace/skmtc-root/skmtc/deno/core/oas/integer/toInteger.ts
FN:17,toInteger
FN:54,toParsedInteger
FNDA:0,toInteger
FNDA:0,toParsedInteger
FNF:2
FNH:0
BRF:0
BRH:0
DA:3,2
DA:4,2
DA:5,2
DA:6,2
DA:7,2
DA:8,2
DA:9,2
DA:10,2
DA:17,0
DA:18,0
DA:19,0
DA:20,0
DA:21,0
DA:23,0
DA:24,0
DA:25,0
DA:26,0
DA:27,0
DA:28,0
DA:30,0
DA:31,0
DA:32,0
DA:33,0
DA:34,0
DA:35,0
DA:37,0
DA:38,0
DA:39,0
DA:40,0
DA:41,0
DA:42,0
DA:43,0
DA:44,0
DA:54,0
DA:55,0
DA:56,0
DA:57,0
DA:58,0
DA:59,0
DA:60,0
DA:61,0
DA:62,0
DA:63,0
DA:64,0
DA:65,0
DA:67,0
DA:68,0
DA:69,0
DA:70,0
DA:71,0
DA:72,0
DA:73,0
DA:74,0
DA:75,0
DA:76,0
DA:77,0
DA:78,0
DA:80,0
DA:81,0
DA:82,0
DA:83,0
DA:84,0
DA:85,0
DA:87,0
DA:88,0
DA:89,0
DA:90,0
DA:91,0
DA:92,0
DA:93,0
DA:94,0
DA:95,0
DA:96,0
DA:97,0
DA:98,0
DA:99,0
DA:100,0
DA:101,0
DA:102,0
LH:8
LF:79
end_of_record
SF:/Users/dmitrigrabov/workspace/skmtc-root/skmtc/deno/core/oas/license/License.ts
FN:8,<instance_members_initializer>
FN:12,OasLicense
FNDA:0,<instance_members_initializer>
FNDA:0,OasLicense
FNF:2
FNH:0
BRF:0
BRH:0
DA:7,1
DA:8,0
DA:9,0
DA:10,0
DA:11,0
DA:12,0
DA:13,0
DA:14,0
DA:15,0
DA:16,0
DA:17,1
LH:2
LF:11
end_of_record
SF:/Users/dmitrigrabov/workspace/skmtc-root/skmtc/deno/core/oas/license/toLicenseV3.ts
FN:6,toLicenseV3
FNDA:0,toLicenseV3
FNF:1
FNH:0
BRF:0
BRH:0
DA:3,1
DA:4,1
DA:6,0
DA:7,0
DA:8,0
DA:10,0
DA:12,0
DA:13,0
DA:14,0
DA:15,0
DA:16,0
DA:17,0
DA:19,0
DA:20,0
DA:21,0
DA:22,0
DA:23,0
DA:24,0
LH:2
LF:18
end_of_record
SF:/Users/dmitrigrabov/workspace/skmtc-root/skmtc/deno/core/oas/markdown/markdown-types.ts
FNF:0
FNH:0
BRF:0
BRH:0
DA:1,2
DA:3,2
LH:2
LF:2
end_of_record
SF:/Users/dmitrigrabov/workspace/skmtc-root/skmtc/deno/core/oas/mediaType/MediaType.ts
FN:102,<instance_members_initializer>
FN:118,OasMediaType
FN:132,toJsonSchema
FNDA:0,<instance_members_initializer>
FNDA:0,OasMediaType
FNDA:0,toJsonSchema
FNF:3
FNH:0
BRF:0
BRH:0
DA:100,2
DA:102,0
DA:104,0
DA:106,0
DA:108,0
DA:110,0
DA:112,0
DA:118,0
DA:119,0
DA:120,0
DA:121,0
DA:122,0
DA:123,0
DA:124,0
DA:132,0
DA:133,0
DA:134,0
DA:135,0
DA:136,0
DA:137,0
DA:138,2
LH:2
LF:21
end_of_record
SF:/Users/dmitrigrabov/workspace/skmtc-root/skmtc/deno/core/oas/mediaType/mediaType-types.ts
FNF:0
FNH:0
BRF:0
BRH:0
DA:1,2
DA:2,2
DA:5,2
DA:6,2
DA:7,2
DA:8,2
DA:9,2
DA:37,2
DA:38,2
DA:39,2
DA:40,8
DA:42,8
DA:44,2
LH:13
LF:13
end_of_record
SF:/Users/dmitrigrabov/workspace/skmtc-root/skmtc/deno/core/oas/mediaType/toMediaTypeItemV3.ts
FN:123,toMediaTypeItemV3
FN:248,toMediaTypeItemsV3
FN:363,toOptionalMediaTypeItemsV3
FNDA:0,toMediaTypeItemV3
FNDA:0,toMediaTypeItemsV3
FNDA:0,toOptionalMediaTypeItemsV3
FNF:3
FNH:0
BRF:0
BRH:0
DA:3,2
DA:4,2
DA:5,2
DA:7,2
DA:123,0
DA:124,0
DA:125,0
DA:126,0
DA:127,0
DA:128,0
DA:130,0
DA:131,0
DA:132,0
DA:133,0
DA:134,0
DA:135,0
DA:137,0
DA:138,0
DA:139,0
DA:140,0
DA:141,0
DA:142,0
DA:143,0
DA:144,0
DA:145,0
DA:146,0
DA:147,0
DA:149,0
DA:150,0
DA:152,0
DA:153,0
DA:248,0
DA:249,0
DA:250,0
DA:251,0
DA:252,0
DA:253,0
DA:254,0
DA:255,0
DA:256,0
DA:257,0
DA:258,0
DA:259,0
DA:260,0
DA:262,0
DA:264,0
DA:363,0
DA:364,0
DA:365,0
DA:366,0
DA:367,0
DA:368,0
DA:369,0
DA:371,0
DA:372,0
LH:4
LF:55
end_of_record
SF:/Users/dmitrigrabov/workspace/skmtc-root/skmtc/deno/core/oas/number/Number.ts
FN:207,<instance_members_initializer>
FN:262,OasNumber
FN:278,isRef
FN:282,resolve
FN:286,resolveOnce
FN:291,toJsonSchema
FNDA:3,<instance_members_initializer>
FNDA:3,OasNumber
FNDA:0,isRef
FNDA:0,resolve
FNDA:0,resolveOnce
FNDA:0,toJsonSchema
FNF:6
FNH:2
BRF:0
BRH:0
DA:202,3
DA:207,3
DA:211,6
DA:215,6
DA:219,6
DA:223,6
DA:227,6
DA:229,6
DA:233,6
DA:237,6
DA:241,6
DA:245,6
DA:249,6
DA:253,6
DA:257,6
DA:261,3
DA:262,3
DA:263,6
DA:264,6
DA:265,6
DA:266,6
DA:267,6
DA:268,6
DA:269,6
DA:270,6
DA:271,6
DA:272,6
DA:273,6
DA:274,6
DA:275,6
DA:276,6
DA:278,0
DA:279,0
DA:280,0
DA:282,0
DA:283,0
DA:284,0
DA:286,0
DA:287,0
DA:288,0
DA:291,0
DA:292,0
DA:293,0
DA:294,0
DA:295,0
DA:296,0
DA:297,0
DA:298,0
DA:299,0
DA:300,0
DA:301,0
DA:302,0
DA:303,0
DA:304,0
DA:305,0
DA:306,0
DA:307,3
LH:32
LF:57
end_of_record
SF:/Users/dmitrigrabov/workspace/skmtc-root/skmtc/deno/core/oas/number/number-types.ts
FNF:0
FNH:0
BRF:0
BRH:0
DA:1,2
DA:9,8
DA:17,2
DA:18,2
DA:19,2
DA:20,2
DA:21,2
DA:22,2
DA:23,2
DA:24,2
DA:25,2
DA:26,2
DA:27,2
DA:28,2
DA:29,2
DA:30,2
DA:31,2
LH:17
LF:17
end_of_record
SF:/Users/dmitrigrabov/workspace/skmtc-root/skmtc/deno/core/oas/number/toNumber.ts
FN:78,toNumber
FN:115,toParsedNumber
FNDA:0,toNumber
FNDA:0,toParsedNumber
FNF:2
FNH:0
BRF:0
BRH:0
DA:3,2
DA:4,2
DA:5,2
DA:6,2
DA:7,2
DA:8,2
DA:9,2
DA:10,2
DA:78,0
DA:79,0
DA:80,0
DA:81,0
DA:82,0
DA:84,0
DA:85,0
DA:86,0
DA:87,0
DA:88,0
DA:89,0
DA:91,0
DA:92,0
DA:93,0
DA:94,0
DA:95,0
DA:96,0
DA:98,0
DA:99,0
DA:100,0
DA:101,0
DA:102,0
DA:103,0
DA:104,0
DA:105,0
DA:115,0
DA:116,0
DA:117,0
DA:118,0
DA:119,0
DA:120,0
DA:121,0
DA:122,0
DA:123,0
DA:124,0
DA:125,0
DA:126,0
DA:128,0
DA:129,0
DA:130,0
DA:131,0
DA:132,0
DA:133,0
DA:134,0
DA:135,0
DA:136,0
DA:137,0
DA:138,0
DA:139,0
DA:141,0
DA:142,0
DA:143,0
DA:144,0
DA:145,0
DA:146,0
DA:148,0
DA:149,0
DA:150,0
DA:151,0
DA:152,0
DA:153,0
DA:154,0
DA:155,0
DA:156,0
DA:157,0
DA:158,0
DA:159,0
DA:160,0
DA:161,0
DA:162,0
DA:163,0
LH:8
LF:79
end_of_record
SF:/Users/dmitrigrabov/workspace/skmtc-root/skmtc/deno/core/oas/object/Object.ts
FN:153,<instance_members_initializer>
FN:233,OasObject
FN:276,empty
FN:329,addProperty
FN:377,removeProperty
FN:395,isRef
FN:399,resolve
FN:403,resolveOnce
FN:444,toJsonSchema
FNDA:10,<instance_members_initializer>
FNDA:10,OasObject
FNDA:0,empty
FNDA:0,addProperty
FNDA:0,removeProperty
FNDA:0,isRef
FNDA:0,resolve
FNDA:0,resolveOnce
FNDA:0,toJsonSchema
FNF:9
FNH:2
BRF:0
BRH:0
DA:5,3
DA:148,3
DA:153,3
DA:157,13
DA:161,13
DA:165,13
DA:169,13
DA:173,13
DA:179,13
DA:185,13
DA:188,13
DA:192,13
DA:198,13
DA:202,13
DA:204,13
DA:206,13
DA:208,13
DA:210,13
DA:212,3
DA:233,3
DA:234,13
DA:235,13
DA:236,13
DA:237,13
DA:238,13
DA:239,13
DA:240,13
DA:241,13
DA:242,13
DA:243,13
DA:244,13
DA:245,13
DA:246,13
DA:247,13
DA:248,13
DA:276,0
DA:277,0
DA:278,0
DA:279,0
DA:280,0
DA:281,0
DA:282,0
DA:329,0
DA:330,0
DA:331,0
DA:332,0
DA:334,0
DA:335,0
DA:336,0
DA:337,0
DA:338,0
DA:339,0
DA:340,0
DA:341,0
DA:342,0
DA:343,0
DA:344,0
DA:345,0
DA:346,0
DA:377,0
DA:378,0
DA:379,0
DA:380,0
DA:382,0
DA:384,0
DA:385,0
DA:386,0
DA:387,0
DA:388,0
DA:389,0
DA:390,0
DA:391,0
DA:392,0
DA:393,0
DA:395,0
DA:396,0
DA:397,0
DA:399,0
DA:400,0
DA:401,0
DA:403,0
DA:404,0
DA:405,0
DA:444,0
DA:445,0
DA:446,0
DA:447,0
DA:448,0
DA:449,0
DA:450,0
DA:451,0
DA:452,0
DA:453,0
DA:454,0
DA:455,0
DA:456,0
DA:457,0
DA:458,0
DA:460,0
DA:461,0
DA:462,0
DA:463,0
DA:464,0
DA:465,0
DA:466,0
DA:467,0
DA:468,0
DA:469,0
DA:470,0
DA:471,0
DA:472,0
DA:473,0
DA:474,3
LH:36
LF:113
end_of_record
SF:/Users/dmitrigrabov/workspace/skmtc-root/skmtc/deno/core/oas/object/object-types.ts
FNF:0
FNH:0
BRF:0
BRH:0
DA:1,2
DA:2,2
DA:3,2
DA:5,2
DA:6,2
DA:7,2
DA:8,2
DA:9,2
DA:10,2
DA:11,2
DA:12,2
DA:13,2
DA:14,6
DA:16,2
DA:17,2
DA:20,2
DA:26,2
DA:27,8
DA:29,2
LH:19
LF:19
end_of_record
SF:/Users/dmitrigrabov/workspace/skmtc-root/skmtc/deno/core/oas/object/toAdditionalPropertiesV3.ts
FN:12,toAdditionalPropertiesV3
FNDA:0,toAdditionalPropertiesV3
FNF:1
FNH:0
BRF:0
BRH:0
DA:3,2
DA:12,0
DA:13,0
DA:14,0
DA:15,0
DA:16,0
DA:17,0
DA:18,0
DA:20,0
DA:21,0
DA:22,0
DA:24,0
DA:25,0
LH:1
LF:13
end_of_record
SF:/Users/dmitrigrabov/workspace/skmtc-root/skmtc/deno/core/oas/object/toObject.ts
FN:17,toObject
FN:58,toParsedObject
FNDA:0,toObject
FNDA:0,toParsedObject
FNF:2
FNH:0
BRF:0
BRH:0
DA:3,2
DA:4,2
DA:5,2
DA:6,2
DA:7,2
DA:8,2
DA:9,2
DA:10,2
DA:17,0
DA:18,0
DA:19,0
DA:20,0
DA:21,0
DA:23,0
DA:24,0
DA:25,0
DA:26,0
DA:27,0
DA:28,0
DA:30,0
DA:31,0
DA:32,0
DA:33,0
DA:34,0
DA:35,0
DA:37,0
DA:38,0
DA:39,0
DA:40,0
DA:41,0
DA:42,0
DA:43,0
DA:44,0
DA:58,0
DA:59,0
DA:60,0
DA:61,0
DA:62,0
DA:63,0
DA:64,0
DA:65,0
DA:66,0
DA:67,0
DA:68,0
DA:69,0
DA:70,0
DA:71,0
DA:72,0
DA:73,0
DA:74,0
DA:75,0
DA:76,0
DA:77,0
DA:78,0
DA:79,0
DA:81,0
DA:82,0
DA:83,0
DA:84,0
DA:85,0
DA:86,0
DA:88,0
DA:89,0
DA:90,0
DA:91,0
DA:92,0
DA:93,0
DA:94,0
DA:95,0
DA:96,0
DA:97,0
DA:98,0
DA:100,0
DA:101,0
DA:102,0
DA:103,0
DA:104,0
DA:106,0
DA:107,0
DA:108,0
DA:109,0
DA:110,0
DA:111,0
DA:112,0
LH:8
LF:84
end_of_record
SF:/Users/dmitrigrabov/workspace/skmtc-root/skmtc/deno/core/oas/operation/Operation.ts
FN:166,<instance_members_initializer>
FN:200,OasOperation
FN:223,toSuccessResponse
FN:236,toSuccessResponseCode
FN:260,toRequestBody
FN:276,toParams
FN:290,toParametersObject
FN:308,toJsonSchema
FN:330,toJSON
FNDA:0,<instance_members_initializer>
FNDA:0,OasOperation
FNDA:0,toSuccessResponse
FNDA:0,toSuccessResponseCode
FNDA:0,toRequestBody
FNDA:0,toParams
FNDA:0,toParametersObject
FNDA:0,toJsonSchema
FNDA:0,toJSON
FNF:9
FNH:0
BRF:0
BRH:0
DA:9,2
DA:164,2
DA:166,0
DA:169,0
DA:171,0
DA:173,0
DA:175,0
DA:177,0
DA:179,0
DA:181,0
DA:183,0
DA:185,0
DA:187,0
DA:189,0
DA:191,0
DA:193,0
DA:200,0
DA:201,0
DA:202,0
DA:203,0
DA:204,0
DA:205,0
DA:206,0
DA:207,0
DA:208,0
DA:209,0
DA:210,0
DA:211,0
DA:212,0
DA:213,0
DA:214,0
DA:223,0
DA:224,0
DA:226,0
DA:227,0
DA:236,0
DA:237,0
DA:238,0
DA:239,0
DA:240,0
DA:242,0
DA:243,0
DA:244,0
DA:246,0
DA:247,0
DA:248,0
DA:250,0
DA:251,0
DA:260,0
DA:261,0
DA:262,0
DA:263,0
DA:264,0
DA:265,0
DA:267,0
DA:268,0
DA:276,0
DA:277,0
DA:278,0
DA:279,0
DA:280,0
DA:282,0
DA:290,0
DA:291,0
DA:293,0
DA:294,0
DA:295,0
DA:296,0
DA:297,0
DA:298,0
DA:299,0
DA:300,0
DA:308,0
DA:309,0
DA:310,0
DA:311,0
DA:312,0
DA:313,0
DA:314,0
DA:315,0
DA:316,0
DA:317,0
DA:319,0
DA:320,0
DA:321,0
DA:322,0
DA:323,0
DA:330,0
DA:331,0
DA:332,0
DA:333,0
DA:334,0
DA:335,0
DA:336,0
DA:337,0
DA:338,0
DA:339,0
DA:340,0
DA:341,0
DA:342,0
DA:343,0
DA:344,2
LH:3
LF:102
end_of_record
SF:/Users/dmitrigrabov/workspace/skmtc-root/skmtc/deno/core/oas/operation/mocks.ts
FNF:0
FNH:0
BRF:0
BRH:0
DA:2,1
DA:3,1
DA:4,1
DA:5,3
DA:6,1
DA:7,1
DA:8,1
DA:9,1
DA:10,1
DA:11,1
DA:12,1
DA:13,1
DA:14,1
DA:15,1
DA:16,1
DA:17,1
DA:18,1
DA:19,1
DA:20,1
DA:21,1
DA:22,1
DA:23,1
DA:24,1
DA:25,1
DA:26,1
DA:27,1
DA:28,1
DA:30,1
DA:31,1
DA:32,1
DA:33,1
DA:34,3
DA:35,1
DA:36,1
DA:37,1
DA:38,1
DA:39,1
DA:40,1
DA:41,1
DA:42,1
DA:43,1
DA:44,1
DA:45,1
DA:46,1
DA:47,1
DA:48,1
DA:49,1
DA:50,1
DA:51,1
DA:52,1
DA:53,1
DA:54,1
DA:55,1
DA:56,1
DA:57,1
DA:58,1
DA:59,1
DA:60,1
DA:61,1
DA:62,1
DA:63,1
DA:64,1
DA:65,1
DA:66,1
DA:67,1
DA:68,1
DA:69,1
DA:70,1
DA:71,1
DA:72,1
DA:73,1
DA:74,1
DA:75,1
DA:76,3
DA:77,1
DA:78,1
DA:79,1
DA:80,1
DA:81,1
DA:82,1
DA:83,1
DA:84,1
DA:85,1
DA:86,1
DA:87,1
DA:88,1
DA:89,1
DA:90,1
DA:91,1
DA:92,1
DA:93,1
DA:94,1
DA:95,1
DA:96,1
DA:97,1
DA:98,1
DA:99,1
DA:100,1
DA:101,1
DA:102,1
DA:103,1
DA:104,1
DA:105,1
DA:106,1
DA:107,1
DA:108,1
DA:109,1
DA:110,1
DA:111,1
DA:112,1
DA:113,1
DA:114,1
DA:115,1
DA:116,1
DA:117,1
DA:118,3
DA:119,1
DA:120,1
DA:121,1
DA:122,1
DA:123,1
DA:124,1
DA:125,1
DA:126,1
DA:127,1
DA:128,1
DA:129,1
DA:130,1
DA:131,1
DA:132,1
DA:133,1
DA:134,1
DA:135,1
DA:136,1
DA:137,1
DA:138,1
DA:139,1
DA:140,1
DA:141,1
DA:142,1
DA:143,1
DA:144,1
DA:145,1
LH:143
LF:143
end_of_record
SF:/Users/dmitrigrabov/workspace/skmtc-root/skmtc/deno/core/oas/operation/toOperationsV3.ts
FN:33,toOperationV3
FN:82,toOperationsV3
FNDA:0,toOperationV3
FNDA:0,toOperationsV3
FNF:2
FNH:0
BRF:0
BRH:0
DA:4,2
DA:5,2
DA:6,2
DA:7,2
DA:8,2
DA:10,2
DA:11,2
DA:12,2
DA:13,2
DA:14,2
DA:33,0
DA:34,0
DA:35,0
DA:36,0
DA:37,0
DA:38,0
DA:40,0
DA:41,0
DA:42,0
DA:43,0
DA:44,0
DA:45,0
DA:46,0
DA:47,0
DA:48,0
DA:49,0
DA:50,0
DA:51,0
DA:53,0
DA:54,0
DA:55,0
DA:56,0
DA:57,0
DA:58,0
DA:60,0
DA:61,0
DA:62,0
DA:63,0
DA:64,0
DA:65,0
DA:66,0
DA:67,0
DA:68,0
DA:69,0
DA:70,0
DA:71,0
DA:72,0
DA:73,0
DA:74,0
DA:75,0
DA:82,0
DA:83,0
DA:84,0
DA:85,0
DA:86,0
DA:87,0
DA:89,0
DA:90,0
DA:91,0
DA:93,0
DA:94,0
DA:96,0
DA:97,0
DA:98,0
DA:99,0
DA:100,0
DA:101,0
DA:102,0
DA:103,0
DA:105,0
DA:106,0
DA:107,0
DA:108,0
DA:109,0
DA:110,0
DA:113,0
DA:114,0
DA:115,0
DA:117,0
DA:118,0
DA:119,0
DA:120,0
DA:121,0
DA:122,0
DA:124,0
DA:125,0
DA:126,0
DA:127,0
DA:128,0
DA:129,0
DA:130,0
DA:131,0
DA:132,0
DA:133,0
DA:134,0
DA:135,0
DA:137,0
DA:138,0
DA:139,0
DA:140,0
DA:141,0
DA:142,0
DA:143,0
DA:145,0
DA:146,0
DA:147,0
DA:148,0
DA:149,0
DA:150,0
DA:151,0
DA:152,0
LH:10
LF:111
end_of_record
SF:/Users/dmitrigrabov/workspace/skmtc-root/skmtc/deno/core/oas/parameter/Parameter.ts
FN:190,<instance_members_initializer>
FN:222,OasParameter
FN:245,isRef
FN:254,resolve
FN:263,resolveOnce
FN:277,toSchema
FN:297,toJsonSchema
FNDA:0,<instance_members_initializer>
FNDA:0,OasParameter
FNDA:0,isRef
FNDA:0,resolve
FNDA:0,resolveOnce
FNDA:0,toSchema
FNDA:0,toJsonSchema
FNF:7
FNH:0
BRF:0
BRH:0
DA:188,2
DA:190,0
DA:192,0
DA:194,0
DA:196,0
DA:198,0
DA:200,0
DA:202,0
DA:204,0
DA:206,0
DA:208,0
DA:210,0
DA:212,0
DA:214,0
DA:216,0
DA:222,0
DA:223,0
DA:224,0
DA:225,0
DA:226,0
DA:227,0
DA:228,0
DA:229,0
DA:230,0
DA:231,0
DA:232,0
DA:233,0
DA:234,0
DA:235,0
DA:236,0
DA:237,0
DA:238,0
DA:245,0
DA:246,0
DA:247,0
DA:254,0
DA:255,0
DA:256,0
DA:263,0
DA:264,0
DA:265,0
DA:277,0
DA:278,0
DA:279,0
DA:280,0
DA:282,0
DA:284,0
DA:285,0
DA:286,0
DA:288,0
DA:289,0
DA:297,0
DA:298,0
DA:299,0
DA:300,0
DA:301,0
DA:302,0
DA:303,0
DA:304,0
DA:305,0
DA:306,0
DA:307,0
DA:308,0
DA:309,0
DA:310,0
DA:311,0
DA:312,0
DA:313,0
DA:315,0
DA:316,0
DA:317,0
DA:318,0
DA:319,0
DA:320,2
LH:2
LF:74
end_of_record
SF:/Users/dmitrigrabov/workspace/skmtc-root/skmtc/deno/core/oas/parameter/parameter-types.ts
FNF:0
FNH:0
BRF:0
BRH:0
DA:1,2
DA:2,2
DA:3,2
DA:4,2
DA:7,2
DA:8,2
DA:9,2
DA:10,2
DA:11,2
DA:15,2
DA:16,2
DA:17,2
DA:18,2
DA:19,2
DA:20,2
DA:31,2
DA:32,2
DA:33,2
DA:34,2
DA:35,2
DA:36,2
DA:37,2
DA:38,2
DA:39,2
DA:57,2
DA:58,2
DA:59,2
DA:60,2
DA:61,2
DA:62,2
DA:63,2
DA:64,8
DA:65,2
DA:66,2
DA:67,2
DA:68,2
DA:69,8
DA:70,2
DA:71,2
LH:39
LF:39
end_of_record
SF:/Users/dmitrigrabov/workspace/skmtc-root/skmtc/deno/core/oas/parameter/toParameterV3.ts
FN:27,toParameterListV3
FN:45,toParametersV3
FN:75,toOptionalParametersV3
FN:91,toParameterV3
FN:164,toStyle
FN:183,toExplode
FNDA:0,toParameterListV3
FNDA:0,toParametersV3
FNDA:0,toOptionalParametersV3
FNDA:0,toParameterV3
FNDA:0,toStyle
FNDA:0,toExplode
FNF:6
FNH:0
BRF:0
BRH:0
DA:2,2
DA:3,2
DA:4,2
DA:5,2
DA:8,2
DA:10,2
DA:11,2
DA:12,2
DA:13,2
DA:14,2
DA:17,2
DA:18,2
DA:19,2
DA:20,2
DA:27,0
DA:28,0
DA:29,0
DA:30,0
DA:31,0
DA:32,0
DA:33,0
DA:35,0
DA:36,0
DA:37,0
DA:38,0
DA:45,0
DA:46,0
DA:47,0
DA:48,0
DA:49,0
DA:50,0
DA:51,0
DA:52,0
DA:53,0
DA:54,0
DA:56,0
DA:57,0
DA:58,0
DA:59,0
DA:60,0
DA:61,0
DA:62,0
DA:64,0
DA:65,0
DA:66,0
DA:68,0
DA:75,0
DA:76,0
DA:77,0
DA:78,0
DA:79,0
DA:80,0
DA:81,0
DA:83,0
DA:84,0
DA:91,0
DA:92,0
DA:93,0
DA:94,0
DA:95,0
DA:96,0
DA:97,0
DA:99,0
DA:100,0
DA:101,0
DA:102,0
DA:103,0
DA:104,0
DA:105,0
DA:106,0
DA:107,0
DA:108,0
DA:109,0
DA:110,0
DA:111,0
DA:112,0
DA:113,0
DA:114,0
DA:116,0
DA:117,0
DA:118,0
DA:119,0
DA:120,0
DA:121,0
DA:123,0
DA:125,0
DA:126,0
DA:127,0
DA:130,0
DA:131,0
DA:133,0
DA:134,0
DA:135,0
DA:136,0
DA:137,0
DA:138,0
DA:139,0
DA:140,0
DA:141,0
DA:142,0
DA:143,0
DA:144,0
DA:145,0
DA:146,0
DA:147,0
DA:148,0
DA:149,0
DA:150,0
DA:152,0
DA:153,0
DA:154,0
DA:156,0
DA:157,0
DA:164,0
DA:165,0
DA:166,0
DA:167,0
DA:168,0
DA:169,0
DA:171,0
DA:172,0
DA:173,0
DA:174,0
DA:176,0
DA:183,0
DA:184,0
DA:185,0
DA:186,0
DA:187,0
DA:188,0
DA:190,0
LH:14
LF:131
end_of_record
SF:/Users/dmitrigrabov/workspace/skmtc-root/skmtc/deno/core/oas/pathItem/PathItem.ts
FN:104,<instance_members_initializer>
FN:110,OasPathItem
FNDA:0,<instance_members_initializer>
FNDA:0,OasPathItem
FNF:2
FNH:0
BRF:0
BRH:0
DA:103,2
DA:104,0
DA:105,0
DA:106,0
DA:107,0
DA:108,0
DA:110,0
DA:111,0
DA:112,0
DA:113,0
DA:114,0
DA:115,0
DA:116,2
LH:2
LF:13
end_of_record
SF:/Users/dmitrigrabov/workspace/skmtc-root/skmtc/deno/core/oas/pathItem/toPathItemV3.ts
FN:12,toPathItemV3
FNDA:0,toPathItemV3
FNF:1
FNH:0
BRF:0
BRH:0
DA:3,2
DA:4,2
DA:5,2
DA:12,0
DA:13,0
DA:15,0
DA:16,0
DA:17,0
DA:18,0
DA:19,0
DA:20,0
DA:21,0
DA:22,0
DA:23,0
DA:24,0
DA:25,0
DA:26,0
LH:3
LF:17
end_of_record
SF:/Users/dmitrigrabov/workspace/skmtc-root/skmtc/deno/core/oas/ref/Ref.ts
FN:115,<instance_members_initializer>
FN:127,OasRef
FN:137,isRef
FN:151,resolve
FN:166,resolveOnce
FN:204,toRefName
FN:208,get $ref
FN:212,get refType
FN:216,get oasDocument
FN:220,toJsonSchema
FN:244,toJSON
FNDA:0,<instance_members_initializer>
FNDA:0,OasRef
FNDA:0,isRef
FNDA:0,resolve
FNDA:0,resolveOnce
FNDA:0,toRefName
FNDA:0,get $ref
FNDA:0,get refType
FNDA:0,get oasDocument
FNDA:0,toJsonSchema
FNDA:0,toJSON
FNF:11
FNH:0
BRF:0
BRH:0
DA:2,2
DA:3,2
DA:15,2
DA:113,2
DA:115,0
DA:117,0
DA:118,0
DA:119,0
DA:127,0
DA:128,0
DA:129,0
DA:130,0
DA:137,0
DA:138,0
DA:139,0
DA:151,0
DA:152,0
DA:153,0
DA:154,0
DA:156,0
DA:158,0
DA:159,0
DA:166,0
DA:167,0
DA:169,0
DA:171,0
DA:173,0
DA:174,0
DA:175,0
DA:176,0
DA:177,0
DA:178,0
DA:179,0
DA:180,0
DA:181,0
DA:183,0
DA:184,0
DA:185,0
DA:187,0
DA:188,0
DA:189,0
DA:190,0
DA:192,0
DA:193,0
DA:194,0
DA:195,0
DA:196,0
DA:198,0
DA:199,0
DA:201,0
DA:202,0
DA:204,0
DA:205,0
DA:206,0
DA:208,0
DA:209,0
DA:210,0
DA:212,0
DA:213,0
DA:214,0
DA:216,0
DA:217,0
DA:218,0
DA:220,0
DA:221,0
DA:222,0
DA:223,0
DA:224,0
DA:226,0
DA:227,0
DA:229,0
DA:230,0
DA:231,0
DA:232,0
DA:233,0
DA:234,0
DA:235,0
DA:236,0
DA:237,0
DA:238,0
DA:239,0
DA:241,0
DA:242,0
DA:244,0
DA:245,0
DA:246,0
DA:247,0
DA:248,0
DA:249,0
DA:250,0
DA:251,0
DA:252,0
DA:253,0
DA:254,0
DA:255,0
DA:256,0
DA:257,2
LH:5
LF:97
end_of_record
SF:/Users/dmitrigrabov/workspace/skmtc-root/skmtc/deno/core/oas/ref/ref-types.ts
FNF:0
FNH:0
BRF:0
BRH:0
DA:1,2
DA:2,2
DA:26,2
DA:27,2
DA:28,2
DA:29,2
DA:30,2
DA:31,2
DA:32,2
DA:56,2
DA:57,2
DA:58,2
DA:59,2
DA:60,2
DA:61,2
DA:62,2
DA:86,2
DA:87,2
DA:88,2
DA:89,2
DA:90,2
DA:91,2
DA:92,2
DA:111,2
DA:112,2
DA:113,2
DA:114,2
DA:115,2
DA:116,2
DA:117,2
DA:136,2
DA:137,2
DA:138,2
DA:139,2
DA:140,2
DA:141,2
DA:142,2
DA:160,2
DA:161,2
DA:162,2
DA:163,2
DA:164,2
DA:165,2
DA:166,2
DA:183,2
DA:184,2
DA:185,2
DA:186,2
DA:187,2
DA:219,2
DA:220,2
DA:221,2
DA:222,2
DA:223,2
DA:224,2
DA:225,2
DA:226,2
DA:228,2
LH:58
LF:58
end_of_record
SF:/Users/dmitrigrabov/workspace/skmtc-root/skmtc/deno/core/oas/ref/toRefV31.ts
FN:12,toRefV31
FNDA:0,toRefV31
FNF:1
FNH:0
BRF:0
BRH:0
DA:4,2
DA:12,0
DA:13,0
DA:14,0
DA:15,0
DA:16,0
DA:17,0
DA:19,0
DA:21,0
DA:23,0
DA:24,0
DA:25,0
DA:26,0
DA:27,0
DA:28,0
DA:30,0
LH:1
LF:16
end_of_record
SF:/Users/dmitrigrabov/workspace/skmtc-root/skmtc/deno/core/oas/requestBody/RequestBody.ts
FN:279,<instance_members_initializer>
FN:284,OasRequestBody
FN:291,isRef
FN:295,resolve
FN:299,resolveOnce
FN:303,toSchema
FN:307,toJsonSchema
FNDA:0,<instance_members_initializer>
FNDA:0,OasRequestBody
FNDA:0,isRef
FNDA:0,resolve
FNDA:0,resolveOnce
FNDA:0,toSchema
FNDA:0,toJsonSchema
FNF:7
FNH:0
BRF:0
BRH:0
DA:278,2
DA:279,0
DA:280,0
DA:281,0
DA:282,0
DA:283,0
DA:284,0
DA:285,0
DA:286,0
DA:287,0
DA:288,0
DA:289,0
DA:291,0
DA:292,0
DA:293,0
DA:295,0
DA:296,0
DA:297,0
DA:299,0
DA:300,0
DA:301,0
DA:303,0
DA:304,0
DA:305,0
DA:307,0
DA:308,0
DA:309,0
DA:310,0
DA:311,0
DA:312,0
DA:313,0
DA:314,0
DA:316,0
DA:317,0
DA:318,0
DA:319,2
LH:2
LF:36
end_of_record
SF:/Users/dmitrigrabov/workspace/skmtc-root/skmtc/deno/core/oas/requestBody/toRequestBodiesV3.ts
FN:17,toRequestBodyV3
FN:55,toRequestBodiesV3
FNDA:0,toRequestBodyV3
FNDA:0,toRequestBodiesV3
FNF:2
FNH:0
BRF:0
BRH:0
DA:3,2
DA:4,2
DA:5,2
DA:6,2
DA:9,2
DA:17,0
DA:18,0
DA:19,0
DA:20,0
DA:21,0
DA:22,0
DA:23,0
DA:25,0
DA:26,0
DA:27,0
DA:29,0
DA:31,0
DA:32,0
DA:33,0
DA:34,0
DA:35,0
DA:36,0
DA:38,0
DA:39,0
DA:40,0
DA:41,0
DA:42,0
DA:43,0
DA:44,0
DA:45,0
DA:47,0
DA:48,0
DA:55,0
DA:56,0
DA:57,0
DA:58,0
DA:59,0
DA:60,0
DA:61,0
DA:63,0
DA:64,0
DA:65,0
DA:66,0
DA:67,0
DA:69,0
DA:70,0
LH:5
LF:46
end_of_record
SF:/Users/dmitrigrabov/workspace/skmtc-root/skmtc/deno/core/oas/response/Response.ts
FN:206,<instance_members_initializer>
FN:211,OasResponse
FN:218,isRef
FN:222,resolve
FN:226,resolveOnce
FN:230,toSchema
FN:234,toJsonSchema
FNDA:0,<instance_members_initializer>
FNDA:0,OasResponse
FNDA:0,isRef
FNDA:0,resolve
FNDA:0,resolveOnce
FNDA:0,toSchema
FNDA:0,toJsonSchema
FNF:7
FNH:0
BRF:0
BRH:0
DA:205,2
DA:206,0
DA:207,0
DA:208,0
DA:209,0
DA:210,0
DA:211,0
DA:212,0
DA:213,0
DA:214,0
DA:215,0
DA:216,0
DA:218,0
DA:219,0
DA:220,0
DA:222,0
DA:223,0
DA:224,0
DA:226,0
DA:227,0
DA:228,0
DA:230,0
DA:231,0
DA:232,0
DA:234,0
DA:235,0
DA:236,0
DA:237,0
DA:238,0
DA:239,0
DA:240,0
DA:241,0
DA:242,0
DA:244,0
DA:245,0
DA:246,0
DA:247,0
DA:248,0
DA:249,0
DA:250,0
DA:252,0
DA:253,0
DA:254,0
DA:255,2
LH:2
LF:44
end_of_record
SF:/Users/dmitrigrabov/workspace/skmtc-root/skmtc/deno/core/oas/response/toResponseV3.ts
FN:17,toResponsesV3
FN:49,toOptionalResponsesV3
FN:65,toResponseV3
FNDA:0,toResponsesV3
FNDA:0,toOptionalResponsesV3
FNDA:0,toResponseV3
FNF:3
FNH:0
BRF:0
BRH:0
DA:1,2
DA:2,2
DA:4,2
DA:6,2
DA:7,2
DA:9,2
DA:10,2
DA:17,0
DA:18,0
DA:19,0
DA:20,0
DA:21,0
DA:22,0
DA:23,0
DA:24,0
DA:25,0
DA:26,0
DA:27,0
DA:29,0
DA:30,0
DA:31,0
DA:32,0
DA:33,0
DA:34,0
DA:35,0
DA:37,0
DA:38,0
DA:39,0
DA:40,0
DA:42,0
DA:49,0
DA:50,0
DA:51,0
DA:52,0
DA:53,0
DA:54,0
DA:55,0
DA:57,0
DA:58,0
DA:65,0
DA:66,0
DA:67,0
DA:68,0
DA:69,0
DA:70,0
DA:71,0
DA:73,0
DA:75,0
DA:76,0
DA:77,0
DA:78,0
DA:79,0
DA:80,0
DA:82,0
DA:83,0
DA:84,0
DA:85,0
DA:86,0
DA:87,0
DA:88,0
LH:7
LF:60
end_of_record
SF:/Users/dmitrigrabov/workspace/skmtc-root/skmtc/deno/core/oas/schema/schema-types.ts
FNF:0
FNH:0
BRF:0
BRH:0
DA:1,2
DA:2,2
DA:3,2
DA:4,2
DA:5,2
DA:6,2
DA:7,2
DA:8,2
DA:9,2
DA:21,2
DA:22,2
DA:23,0
DA:24,2
DA:25,2
DA:26,2
DA:27,2
DA:28,2
DA:29,2
DA:30,2
LH:18
LF:19
end_of_record
SF:/Users/dmitrigrabov/workspace/skmtc-root/skmtc/deno/core/oas/schema/toSchemasV3.ts
FN:25,toSchemasV3
FN:62,toOptionalSchemasV3
FN:78,toSchemaV3
FN:237,possibleString
FN:252,possibleBoolean
FN:261,possibleArray
FN:272,possibleObject
FN:287,toOptionalSchemaV3
FNDA:0,toSchemasV3
FNDA:0,toOptionalSchemasV3
FNDA:0,toSchemaV3
FNDA:0,possibleString
FNDA:0,possibleBoolean
FNDA:0,possibleArray
FNDA:0,possibleObject
FNDA:0,toOptionalSchemaV3
FNF:8
FNH:0
BRF:0
BRH:0
DA:1,2
DA:3,2
DA:5,2
DA:8,2
DA:9,2
DA:10,2
DA:11,2
DA:12,2
DA:13,2
DA:14,2
DA:15,2
DA:16,2
DA:17,2
DA:18,2
DA:19,2
DA:25,0
DA:26,0
DA:27,0
DA:28,0
DA:29,0
DA:30,0
DA:31,0
DA:32,0
DA:33,0
DA:34,0
DA:35,0
DA:36,0
DA:37,0
DA:38,0
DA:39,0
DA:40,0
DA:42,0
DA:43,0
DA:44,0
DA:45,0
DA:46,0
DA:47,0
DA:48,0
DA:50,0
DA:51,0
DA:52,0
DA:53,0
DA:55,0
DA:62,0
DA:63,0
DA:64,0
DA:65,0
DA:66,0
DA:67,0
DA:68,0
DA:70,0
DA:71,0
DA:78,0
DA:79,0
DA:80,0
DA:81,0
DA:83,0
DA:84,0
DA:85,0
DA:86,0
DA:87,0
DA:88,0
DA:89,0
DA:91,0
DA:92,0
DA:93,0
DA:94,0
DA:95,0
DA:96,0
DA:97,0
DA:98,0
DA:99,0
DA:100,0
DA:102,0
DA:103,0
DA:104,0
DA:106,0
DA:108,0
DA:109,0
DA:110,0
DA:112,0
DA:113,0
DA:114,0
DA:116,0
DA:117,0
DA:118,0
DA:119,0
DA:120,0
DA:121,0
DA:123,0
DA:127,0
DA:128,0
DA:129,0
DA:130,0
DA:132,0
DA:133,0
DA:134,0
DA:135,0
DA:136,0
DA:138,0
DA:139,0
DA:140,0
DA:142,0
DA:144,0
DA:145,0
DA:146,0
DA:148,0
DA:149,0
DA:150,0
DA:152,0
DA:153,0
DA:154,0
DA:155,0
DA:156,0
DA:157,0
DA:158,0
DA:159,0
DA:160,0
DA:161,0
DA:162,0
DA:163,0
DA:164,0
DA:165,0
DA:166,0
DA:167,0
DA:168,0
DA:170,0
DA:171,0
DA:172,0
DA:173,0
DA:174,0
DA:175,0
DA:176,0
DA:177,0
DA:179,0
DA:180,0
DA:181,0
DA:182,0
DA:183,0
DA:184,0
DA:185,0
DA:187,0
DA:188,0
DA:189,0
DA:190,0
DA:192,0
DA:193,0
DA:194,0
DA:195,0
DA:197,0
DA:198,0
DA:199,0
DA:200,0
DA:201,0
DA:202,0
DA:203,0
DA:204,0
DA:206,0
DA:207,0
DA:208,0
DA:209,0
DA:210,0
DA:211,0
DA:212,0
DA:213,0
DA:215,0
DA:216,0
DA:217,0
DA:218,0
DA:219,0
DA:220,0
DA:221,0
DA:222,0
DA:224,0
DA:225,0
DA:226,0
DA:227,0
DA:228,0
DA:229,0
DA:230,0
DA:231,0
DA:233,0
DA:234,0
DA:235,0
DA:237,0
DA:238,0
DA:239,0
DA:240,0
DA:241,0
DA:242,0
DA:243,0
DA:244,0
DA:245,0
DA:246,0
DA:247,0
DA:248,0
DA:250,0
DA:252,0
DA:253,0
DA:254,0
DA:255,0
DA:256,0
DA:257,0
DA:259,0
DA:261,0
DA:262,0
DA:263,0
DA:264,0
DA:265,0
DA:266,0
DA:267,0
DA:268,0
DA:270,0
DA:272,0
DA:273,0
DA:274,0
DA:275,0
DA:276,0
DA:277,0
DA:278,0
DA:280,0
DA:287,0
DA:288,0
DA:289,0
DA:290,0
DA:291,0
DA:292,0
DA:293,0
DA:295,0
DA:296,0
LH:15
LF:230
end_of_record
SF:/Users/dmitrigrabov/workspace/skmtc-root/skmtc/deno/core/oas/securityRequirement/SecurityRequirement.ts
FN:9,<instance_members_initializer>
FN:12,OasSecurityRequirement
FN:17,toSecurityScheme
FN:23,toJsonSchema
FNDA:0,<instance_members_initializer>
FNDA:0,OasSecurityRequirement
FNDA:0,toSecurityScheme
FNDA:0,toJsonSchema
FNF:4
FNH:0
BRF:0
BRH:0
DA:8,2
DA:9,0
DA:10,0
DA:11,0
DA:12,0
DA:13,0
DA:14,0
DA:15,0
DA:17,0
DA:18,0
DA:19,0
DA:20,0
DA:21,0
DA:23,0
DA:24,0
DA:25,0
DA:26,0
DA:27,0
DA:28,2
LH:2
LF:19
end_of_record
SF:/Users/dmitrigrabov/workspace/skmtc-root/skmtc/deno/core/oas/securityRequirement/toSecurityRequirement.ts
FN:9,toSecurityRequirementsV3
FNDA:0,toSecurityRequirementsV3
FNF:1
FNH:0
BRF:0
BRH:0
DA:2,2
DA:9,0
DA:10,0
DA:11,0
DA:12,0
DA:13,0
DA:14,0
DA:15,0
DA:17,0
DA:18,0
DA:19,0
DA:20,0
LH:1
LF:12
end_of_record
SF:/Users/dmitrigrabov/workspace/skmtc-root/skmtc/deno/core/oas/securitySchemes/SecurityScheme.ts
FN:55,<instance_members_initializer>
FN:61,OasHttpSecurityScheme
FN:67,isRef
FN:71,resolve
FN:75,resolveOnce
FN:79,toJsonSchema
FN:90,<instance_members_initializer>
FN:96,OasApiKeySecurityScheme
FN:102,isRef
FN:106,resolve
FN:110,resolveOnce
FN:114,toJsonSchema
FN:124,<instance_members_initializer>
FN:151,OasOAuth2SecurityScheme
FN:156,isRef
FN:160,resolve
FN:164,resolveOnce
FN:168,toJsonSchema
FN:183,<instance_members_initializer>
FN:188,OasOpenIdSecurityScheme
FN:193,isRef
FN:197,resolve
FN:201,resolveOnce
FN:205,toJsonSchema
FNDA:0,<instance_members_initializer>
FNDA:0,OasHttpSecurityScheme
FNDA:0,isRef
FNDA:0,resolve
FNDA:0,resolveOnce
FNDA:0,toJsonSchema
FNDA:0,<instance_members_initializer>
FNDA:0,OasApiKeySecurityScheme
FNDA:0,isRef
FNDA:0,resolve
FNDA:0,resolveOnce
FNDA:0,toJsonSchema
FNDA:0,<instance_members_initializer>
FNDA:0,OasOAuth2SecurityScheme
FNDA:0,isRef
FNDA:0,resolve
FNDA:0,resolveOnce
FNDA:0,toJsonSchema
FNDA:0,<instance_members_initializer>
FNDA:0,OasOpenIdSecurityScheme
FNDA:0,isRef
FNDA:0,resolve
FNDA:0,resolveOnce
FNDA:0,toJsonSchema
FNF:24
FNH:0
BRF:0
BRH:0
DA:54,1
DA:55,0
DA:56,0
DA:57,0
DA:58,0
DA:59,0
DA:61,0
DA:62,0
DA:63,0
DA:64,0
DA:65,0
DA:67,0
DA:68,0
DA:69,0
DA:71,0
DA:72,0
DA:73,0
DA:75,0
DA:76,0
DA:77,0
DA:79,0
DA:80,0
DA:81,0
DA:82,0
DA:83,0
DA:84,0
DA:85,0
DA:86,0
DA:87,1
DA:89,1
DA:90,0
DA:91,0
DA:92,0
DA:93,0
DA:94,0
DA:96,0
DA:97,0
DA:98,0
DA:99,0
DA:100,0
DA:102,0
DA:103,0
DA:104,0
DA:106,0
DA:107,0
DA:108,0
DA:110,0
DA:111,0
DA:112,0
DA:114,0
DA:115,0
DA:116,0
DA:117,0
DA:118,0
DA:119,0
DA:120,0
DA:121,1
DA:123,1
DA:124,0
DA:125,0
DA:126,0
DA:127,0
DA:151,0
DA:152,0
DA:153,0
DA:154,0
DA:156,0
DA:157,0
DA:158,0
DA:160,0
DA:161,0
DA:162,0
DA:164,0
DA:165,0
DA:166,0
DA:168,0
DA:169,0
DA:170,0
DA:171,0
DA:172,0
DA:173,0
DA:174,0
DA:175,0
DA:176,0
DA:177,0
DA:178,0
DA:179,0
DA:180,1
DA:182,1
DA:183,0
DA:184,0
DA:185,0
DA:186,0
DA:188,0
DA:189,0
DA:190,0
DA:191,0
DA:193,0
DA:194,0
DA:195,0
DA:197,0
DA:198,0
DA:199,0
DA:201,0
DA:202,0
DA:203,0
DA:205,0
DA:206,0
DA:207,0
DA:208,0
DA:209,0
DA:210,0
DA:211,0
DA:212,1
LH:8
LF:114
end_of_record
SF:/Users/dmitrigrabov/workspace/skmtc-root/skmtc/deno/core/oas/securitySchemes/security-scheme-types.ts
FNF:0
FNH:0
BRF:0
BRH:0
DA:1,1
DA:23,1
DA:24,1
DA:25,1
DA:26,1
DA:27,1
DA:28,1
DA:50,1
DA:51,1
DA:52,1
DA:53,1
DA:54,5
DA:55,1
DA:75,1
DA:76,1
DA:77,1
DA:78,1
DA:79,1
DA:101,1
DA:102,1
DA:103,1
DA:104,1
DA:105,1
DA:106,1
DA:126,1
DA:127,1
DA:128,1
DA:129,1
DA:130,1
DA:138,1
DA:139,1
DA:140,1
DA:141,1
DA:142,1
DA:151,1
DA:152,1
DA:153,1
DA:154,1
DA:155,1
DA:156,1
DA:164,1
DA:165,1
DA:166,1
DA:167,1
DA:168,1
DA:176,1
DA:177,1
DA:178,1
DA:179,1
DA:180,1
DA:188,1
DA:189,1
DA:190,1
DA:191,1
DA:192,1
DA:193,1
LH:56
LF:56
end_of_record
SF:/Users/dmitrigrabov/workspace/skmtc-root/skmtc/deno/core/oas/securitySchemes/toSecuritySchemes.ts
FN:30,toSecuritySchemesV3
FN:51,toSecuritySchemeV3
FNDA:0,toSecuritySchemesV3
FNDA:0,toSecuritySchemeV3
FNF:2
FNH:0
BRF:0
BRH:0
DA:3,1
DA:4,1
DA:5,1
DA:6,1
DA:7,1
DA:8,1
DA:9,1
DA:11,1
DA:12,1
DA:13,1
DA:14,1
DA:15,1
DA:16,1
DA:17,1
DA:19,1
DA:21,1
DA:30,0
DA:31,0
DA:32,0
DA:33,0
DA:35,0
DA:36,0
DA:37,0
DA:39,0
DA:40,0
DA:41,0
DA:42,0
DA:44,0
DA:51,0
DA:52,0
DA:53,0
DA:54,0
DA:60,0
DA:61,0
DA:62,0
DA:64,0
DA:65,0
DA:66,0
DA:67,0
DA:68,0
DA:69,0
DA:70,0
DA:71,0
DA:72,0
DA:74,0
DA:76,0
DA:77,0
DA:78,0
DA:79,0
DA:80,0
DA:81,0
DA:83,0
DA:84,0
DA:85,0
DA:86,0
DA:87,0
DA:88,0
DA:89,0
DA:90,0
DA:92,0
DA:94,0
DA:95,0
DA:96,0
DA:97,0
DA:98,0
DA:99,0
DA:100,0
DA:101,0
DA:102,0
DA:103,0
DA:104,0
DA:105,0
DA:106,0
DA:108,0
DA:110,0
DA:111,0
DA:112,0
DA:113,0
DA:114,0
DA:115,0
DA:116,0
DA:117,0
DA:118,0
DA:119,0
DA:120,0
DA:121,0
DA:123,0
DA:124,0
DA:125,0
DA:126,0
DA:127,0
DA:129,0
DA:130,0
DA:131,0
DA:132,0
DA:133,0
DA:134,0
DA:136,0
DA:137,0
DA:138,0
LH:16
LF:100
end_of_record
SF:/Users/dmitrigrabov/workspace/skmtc-root/skmtc/deno/core/oas/server/Server.ts
FN:55,<instance_members_initializer>
FN:69,OasServer
FN:81,isRef
FN:90,resolve
FN:99,resolveOnce
FN:109,toJsonSchema
FNDA:0,<instance_members_initializer>
FNDA:0,OasServer
FNDA:0,isRef
FNDA:0,resolve
FNDA:0,resolveOnce
FNDA:0,toJsonSchema
FNF:6
FNH:0
BRF:0
BRH:0
DA:53,1
DA:55,0
DA:57,0
DA:59,0
DA:61,0
DA:63,0
DA:69,0
DA:70,0
DA:71,0
DA:72,0
DA:73,0
DA:74,0
DA:81,0
DA:82,0
DA:83,0
DA:90,0
DA:91,0
DA:92,0
DA:99,0
DA:100,0
DA:101,0
DA:109,0
DA:110,0
DA:111,0
DA:112,0
DA:113,0
DA:114,0
DA:115,0
DA:116,1
LH:2
LF:29
end_of_record
SF:/Users/dmitrigrabov/workspace/skmtc-root/skmtc/deno/core/oas/server/toServerV3.ts
FN:11,toServersV3
FN:22,toOptionalServersV3
FN:38,toServerV3
FNDA:0,toServersV3
FNDA:0,toOptionalServersV3
FNDA:0,toServerV3
FNF:3
FNH:0
BRF:0
BRH:0
DA:3,1
DA:4,1
DA:5,1
DA:11,0
DA:12,0
DA:13,0
DA:14,0
DA:15,0
DA:22,0
DA:23,0
DA:24,0
DA:25,0
DA:26,0
DA:27,0
DA:28,0
DA:30,0
DA:31,0
DA:38,0
DA:39,0
DA:41,0
DA:42,0
DA:43,0
DA:44,0
DA:45,0
DA:46,0
DA:48,0
DA:49,0
DA:50,0
DA:51,0
DA:52,0
DA:53,0
DA:54,0
LH:3
LF:32
end_of_record
SF:/Users/dmitrigrabov/workspace/skmtc-root/skmtc/deno/core/oas/serverVariable/ServerVariable.ts
FN:42,<instance_members_initializer>
FN:51,OasServerVariable
FN:58,isRef
FN:62,resolve
FN:66,resolveOnce
FN:70,toJsonSchema
FNDA:0,<instance_members_initializer>
FNDA:0,OasServerVariable
FNDA:0,isRef
FNDA:0,resolve
FNDA:0,resolveOnce
FNDA:0,toJsonSchema
FNF:6
FNH:0
BRF:0
BRH:0
DA:40,1
DA:42,0
DA:44,0
DA:46,0
DA:48,0
DA:50,0
DA:51,0
DA:52,0
DA:53,0
DA:54,0
DA:55,0
DA:56,0
DA:58,0
DA:59,0
DA:60,0
DA:62,0
DA:63,0
DA:64,0
DA:66,0
DA:67,0
DA:68,0
DA:70,0
DA:71,0
DA:72,0
DA:73,0
DA:74,0
DA:75,0
DA:76,0
DA:77,1
LH:2
LF:29
end_of_record
SF:/Users/dmitrigrabov/workspace/skmtc-root/skmtc/deno/core/oas/serverVariable/toServerVariableV3.ts
FN:11,toServerVariablesV3
FN:28,toOptionalServerVariablesV3
FN:44,toServerVariableV3
FNDA:0,toServerVariablesV3
FNDA:0,toOptionalServerVariablesV3
FNDA:0,toServerVariableV3
FNF:3
FNH:0
BRF:0
BRH:0
DA:3,1
DA:4,1
DA:11,0
DA:12,0
DA:13,0
DA:14,0
DA:15,0
DA:16,0
DA:17,0
DA:18,0
DA:19,0
DA:21,0
DA:28,0
DA:29,0
DA:30,0
DA:31,0
DA:32,0
DA:33,0
DA:34,0
DA:36,0
DA:37,0
DA:44,0
DA:45,0
DA:46,0
DA:47,0
DA:48,0
DA:50,0
DA:51,0
DA:52,0
DA:53,0
DA:54,0
DA:55,0
DA:57,0
DA:58,0
DA:59,0
DA:60,0
DA:61,0
DA:62,0
DA:63,0
LH:2
LF:39
end_of_record
SF:/Users/dmitrigrabov/workspace/skmtc-root/skmtc/deno/core/oas/specificationExtensions/toSpecificationExtensionsV3.ts
FN:10,toSpecificationExtensionsV3
FN:23,extractExtensions
FNDA:0,toSpecificationExtensionsV3
FNDA:0,extractExtensions
FNF:2
FNH:0
BRF:0
BRH:0
DA:10,0
DA:11,0
DA:12,0
DA:13,0
DA:14,0
DA:15,0
DA:16,0
DA:18,0
DA:20,0
DA:21,0
DA:23,0
DA:24,0
DA:28,0
DA:29,0
DA:30,0
DA:31,0
DA:33,0
DA:35,0
DA:37,0
DA:38,0
DA:39,0
DA:40,0
DA:41,0
DA:42,0
DA:43,0
DA:44,0
DA:45,0
DA:47,0
LH:0
LF:28
end_of_record
SF:/Users/dmitrigrabov/workspace/skmtc-root/skmtc/deno/core/oas/string/String.ts
FN:114,<instance_members_initializer>
FN:175,OasString
FN:189,isRef
FN:193,resolve
FN:197,resolveOnce
FN:202,toJsonSchema
FNDA:14,<instance_members_initializer>
FNDA:14,OasString
FNDA:0,isRef
FNDA:0,resolve
FNDA:0,resolveOnce
FNDA:0,toJsonSchema
FNF:6
FNH:2
BRF:0
BRH:0
DA:109,3
DA:114,3
DA:118,17
DA:122,17
DA:126,17
DA:130,17
DA:134,17
DA:138,17
DA:142,17
DA:146,17
DA:148,17
DA:150,17
DA:154,17
DA:158,3
DA:175,3
DA:176,17
DA:177,17
DA:178,17
DA:179,17
DA:180,17
DA:181,17
DA:182,17
DA:183,17
DA:184,17
DA:185,17
DA:186,17
DA:187,17
DA:189,0
DA:190,0
DA:191,0
DA:193,0
DA:194,0
DA:195,0
DA:197,0
DA:198,0
DA:199,0
DA:202,0
DA:203,0
DA:204,0
DA:205,0
DA:206,0
DA:207,0
DA:208,0
DA:209,0
DA:210,0
DA:211,0
DA:212,0
DA:213,0
DA:214,0
DA:215,0
DA:216,0
DA:217,3
LH:28
LF:52
end_of_record
SF:/Users/dmitrigrabov/workspace/skmtc-root/skmtc/deno/core/oas/string/string-types.ts
FNF:0
FNH:0
BRF:0
BRH:0
DA:1,2
DA:89,2
DA:90,2
DA:91,2
DA:92,2
DA:93,2
DA:94,2
DA:95,2
DA:96,2
DA:97,2
DA:98,2
DA:99,2
DA:100,2
DA:101,2
DA:102,2
DA:103,2
DA:104,2
DA:158,2
DA:159,2
DA:160,2
DA:161,2
DA:162,2
DA:163,2
DA:164,2
DA:165,2
DA:166,2
DA:167,2
DA:168,2
DA:169,2
DA:170,2
LH:30
LF:30
end_of_record
SF:/Users/dmitrigrabov/workspace/skmtc-root/skmtc/deno/core/oas/string/toString.ts
FN:80,toString
FN:186,toParsedString
FNDA:0,toString
FNDA:0,toParsedString
FNF:2
FNH:0
BRF:0
BRH:0
DA:3,2
DA:4,2
DA:5,2
DA:6,2
DA:7,2
DA:8,2
DA:9,2
DA:10,2
DA:80,0
DA:81,0
DA:82,0
DA:83,0
DA:84,0
DA:86,0
DA:87,0
DA:88,0
DA:89,0
DA:90,0
DA:91,0
DA:93,0
DA:94,0
DA:95,0
DA:96,0
DA:97,0
DA:98,0
DA:100,0
DA:101,0
DA:102,0
DA:103,0
DA:104,0
DA:105,0
DA:107,0
DA:108,0
DA:109,0
DA:110,0
DA:111,0
DA:112,0
DA:113,0
DA:114,0
DA:115,0
DA:186,0
DA:187,0
DA:188,0
DA:189,0
DA:190,0
DA:191,0
DA:192,0
DA:193,0
DA:194,0
DA:195,0
DA:196,0
DA:197,0
DA:198,0
DA:199,0
DA:200,0
DA:201,0
DA:202,0
DA:203,0
DA:205,0
DA:206,0
DA:207,0
DA:208,0
DA:209,0
DA:210,0
DA:212,0
DA:213,0
DA:214,0
DA:215,0
DA:216,0
DA:217,0
DA:218,0
DA:219,0
DA:220,0
DA:222,0
DA:223,0
DA:224,0
DA:225,0
DA:226,0
DA:227,0
DA:228,0
DA:229,0
DA:230,0
DA:231,0
DA:232,0
DA:233,0
DA:234,0
DA:235,0
LH:8
LF:87
end_of_record
SF:/Users/dmitrigrabov/workspace/skmtc-root/skmtc/deno/core/oas/tag/Tag.ts
FN:8,<instance_members_initializer>
FN:11,OasTag
FN:15,get name
FN:19,get description
FN:24,get extensionFields
FNDA:0,<instance_members_initializer>
FNDA:0,OasTag
FNDA:0,get name
FNDA:0,get description
FNDA:0,get extensionFields
FNF:5
FNH:0
BRF:0
BRH:0
DA:7,1
DA:8,0
DA:9,0
DA:11,0
DA:12,0
DA:13,0
DA:15,0
DA:16,0
DA:17,0
DA:19,0
DA:20,0
DA:21,0
DA:24,0
DA:25,0
DA:26,0
DA:27,1
LH:2
LF:16
end_of_record
SF:/Users/dmitrigrabov/workspace/skmtc-root/skmtc/deno/core/oas/tag/toTagsV3.ts
FN:12,toTagsV3
FN:25,toTagV3
FNDA:0,toTagsV3
FNDA:0,toTagV3
FNF:2
FNH:0
BRF:0
BRH:0
DA:3,1
DA:5,1
DA:12,0
DA:13,0
DA:14,0
DA:15,0
DA:17,0
DA:18,0
DA:25,0
DA:26,0
DA:28,0
DA:29,0
DA:30,0
DA:31,0
DA:32,0
DA:33,0
DA:35,0
DA:36,0
DA:37,0
DA:38,0
DA:39,0
DA:41,0
DA:42,0
LH:2
LF:23
end_of_record
SF:/Users/dmitrigrabov/workspace/skmtc-root/skmtc/deno/core/oas/union/Union.ts
FN:146,<instance_members_initializer>
FN:183,OasUnion
FN:194,isRef
FN:198,resolve
FN:202,resolveOnce
FN:206,toJsonSchema
FNDA:2,<instance_members_initializer>
FNDA:2,OasUnion
FNDA:0,isRef
FNDA:0,resolve
FNDA:0,resolveOnce
FNDA:0,toJsonSchema
FNF:6
FNH:2
BRF:0
BRH:0
DA:141,3
DA:146,3
DA:150,5
DA:154,5
DA:158,5
DA:162,5
DA:166,5
DA:170,5
DA:173,5
DA:177,5
DA:181,3
DA:183,3
DA:184,5
DA:185,5
DA:186,5
DA:187,5
DA:188,5
DA:189,5
DA:190,5
DA:191,5
DA:192,5
DA:194,0
DA:195,0
DA:196,0
DA:198,0
DA:199,0
DA:200,0
DA:202,0
DA:203,0
DA:204,0
DA:206,0
DA:207,0
DA:208,0
DA:209,0
DA:210,0
DA:211,0
DA:212,0
DA:213,0
DA:214,0
DA:215,0
DA:216,3
LH:22
LF:41
end_of_record
SF:/Users/dmitrigrabov/workspace/skmtc-root/skmtc/deno/core/oas/union/toUnion.ts
FN:17,toUnion
FNDA:0,toUnion
FNF:1
FNH:0
BRF:0
BRH:0
DA:3,2
DA:4,2
DA:5,2
DA:6,2
DA:17,0
DA:18,0
DA:19,0
DA:20,0
DA:21,0
DA:22,0
DA:23,0
DA:24,0
DA:25,0
DA:26,0
DA:28,0
DA:29,0
DA:30,0
DA:31,0
DA:32,0
DA:33,0
DA:35,0
DA:36,0
DA:37,0
DA:38,0
DA:39,0
DA:40,0
DA:41,0
DA:43,0
DA:44,0
DA:45,0
DA:46,0
DA:48,0
DA:49,0
DA:50,0
DA:51,0
DA:52,0
DA:53,0
LH:4
LF:37
end_of_record
SF:/Users/dmitrigrabov/workspace/skmtc-root/skmtc/deno/core/oas/union/union-types.ts
FNF:0
FNH:0
BRF:0
BRH:0
DA:1,2
DA:2,2
DA:3,2
DA:4,2
DA:6,2
DA:7,2
DA:38,2
DA:39,2
DA:40,2
DA:41,2
DA:42,2
DA:43,0
DA:44,2
DA:45,2
LH:13
LF:14
end_of_record
SF:/Users/dmitrigrabov/workspace/skmtc-root/skmtc/deno/core/oas/unknown/Unknown.ts
FN:24,<instance_members_initializer>
FN:43,OasUnknown
FN:50,isRef
FN:54,resolve
FN:58,resolveOnce
FN:62,toJsonSchema
FNDA:1,<instance_members_initializer>
FNDA:1,OasUnknown
FNDA:0,isRef
FNDA:0,resolve
FNDA:0,resolveOnce
FNDA:0,toJsonSchema
FNF:6
FNH:2
BRF:0
BRH:0
DA:19,3
DA:24,3
DA:28,4
DA:32,4
DA:36,4
DA:39,4
DA:41,3
DA:43,3
DA:44,4
DA:45,4
DA:46,4
DA:47,4
DA:48,4
DA:50,0
DA:51,0
DA:52,0
DA:54,0
DA:55,0
DA:56,0
DA:58,0
DA:59,0
DA:60,0
DA:62,0
DA:63,0
DA:64,0
DA:65,0
DA:66,0
DA:67,0
DA:68,0
DA:69,0
DA:70,0
DA:71,3
LH:14
LF:32
end_of_record
SF:/Users/dmitrigrabov/workspace/skmtc-root/skmtc/deno/core/oas/unknown/toUnknown.ts
FN:12,toUnknown
FNDA:0,toUnknown
FNF:1
FNH:0
BRF:0
BRH:0
DA:3,2
DA:4,2
DA:12,0
DA:13,0
DA:15,0
DA:16,0
DA:17,0
DA:18,0
DA:19,0
DA:20,0
DA:22,0
DA:23,0
DA:24,0
DA:25,0
DA:26,0
DA:27,0
DA:28,0
LH:2
LF:17
end_of_record
SF:/Users/dmitrigrabov/workspace/skmtc-root/skmtc/deno/core/oas/unknown/unknown-types.ts
FNF:0
FNH:0
BRF:0
BRH:0
DA:1,2
DA:9,2
DA:10,2
DA:11,2
DA:12,2
DA:13,2
DA:14,2
DA:15,2
LH:8
LF:8
end_of_record
SF:/Users/dmitrigrabov/workspace/skmtc-root/skmtc/deno/core/subsetting/schemaSubset.ts
FN:62,isSchemaSubset
FN:150,isRef
FN:156,toRefNames
FN:166,resolveRef
FNDA:17,isSchemaSubset
FNDA:34,isRef
FNDA:0,toRefNames
FNDA:0,resolveRef
FNF:4
FNH:2
BRDA:67,1,0,0
BRDA:71,1,1,0
BRDA:75,1,2,0
BRDA:104,7,0,0
BRDA:108,7,1,0
BRDA:110,7,2,6
BRDA:111,7,3,1
BRDA:111,7,4,1
BRDA:112,7,5,0
BRDA:116,7,6,0
BRDA:118,7,7,0
BRDA:129,7,8,5
BRDA:131,7,9,4
BRDA:137,7,10,0
BRDA:141,7,11,4
BRF:15
BRH:6
DA:2,1
DA:62,1
DA:63,1
DA:64,1
DA:65,1
DA:66,1
DA:67,0
DA:68,0
DA:69,0
DA:71,0
DA:72,0
DA:73,0
DA:75,0
DA:76,0
DA:77,0
DA:79,18
DA:80,54
DA:81,26
DA:82,18
DA:83,54
DA:84,19
DA:85,18
DA:86,36
DA:87,0
DA:88,0
DA:89,36
DA:90,19
DA:91,18
DA:92,54
DA:93,20
DA:94,20
DA:95,20
DA:96,20
DA:97,20
DA:98,20
DA:99,20
DA:101,18
DA:103,54
DA:104,0
DA:105,0
DA:106,0
DA:108,0
DA:110,23
DA:111,29
DA:112,0
DA:113,0
DA:114,0
DA:116,0
DA:117,30
DA:118,30
DA:120,0
DA:121,0
DA:122,0
DA:123,0
DA:124,0
DA:125,0
DA:126,0
DA:127,0
DA:128,0
DA:129,29
DA:130,34
DA:131,34
DA:132,34
DA:133,38
DA:134,38
DA:135,38
DA:136,0
DA:137,0
DA:138,0
DA:139,0
DA:140,34
DA:141,29
DA:143,27
DA:144,0
DA:145,0
DA:146,0
DA:147,0
DA:148,1
DA:150,1
DA:151,1
DA:153,35
DA:154,1
DA:156,0
DA:157,0
DA:159,0
DA:160,0
DA:161,0
DA:163,0
DA:164,0
DA:166,0
DA:167,0
DA:169,0
DA:170,0
DA:171,0
DA:172,0
DA:175,0
DA:176,0
DA:177,0
LH:46
LF:98
end_of_record
SF:/Users/dmitrigrabov/workspace/skmtc-root/skmtc/deno/core/test/mockParseContext.ts
FN:25,trace
FN:29,provisionalParse
FN:33,logSkippedFields
FN:39,logIssue
FNDA:0,trace
FNDA:0,provisionalParse
FNDA:0,logSkippedFields
FNDA:0,logIssue
FNF:4
FNH:0
BRF:0
BRH:0
DA:24,1
DA:25,0
DA:26,0
DA:27,0
DA:29,0
DA:30,0
DA:31,0
DA:33,0
DA:34,0
DA:36,0
DA:37,0
DA:39,0
DA:41,0
DA:42,1
LH:2
LF:14
end_of_record
SF:/Users/dmitrigrabov/workspace/skmtc-root/skmtc/deno/core/types/Method.ts
FN:222,isMethod
FNDA:0,isMethod
FNF:1
FNH:0
BRF:0
BRH:0
DA:69,2
DA:78,2
DA:79,2
DA:80,2
DA:81,2
DA:82,2
DA:83,2
DA:84,2
DA:85,2
DA:86,2
DA:87,2
DA:95,18
DA:120,2
DA:132,2
DA:133,2
DA:134,2
DA:135,2
DA:136,2
DA:137,2
DA:138,2
DA:139,2
DA:140,2
DA:141,2
DA:193,2
DA:222,0
DA:223,0
DA:224,0
LH:24
LF:27
end_of_record
SF:/Users/dmitrigrabov/workspace/skmtc-root/skmtc/deno/core/typescript/toPathParams.ts
FN:180,toPathParams
FNDA:10,toPathParams
FNF:1
FNH:1
BRF:0
BRH:0
DA:180,1
DA:181,11
DA:182,1
LH:3
LF:3
end_of_record
